Added Component: Designator=C1(Cap_Ceramic_0603)
Added Component: Designator=C2(Cap_Ceramic_0603)
Added Component: Designator=C3(Cap_Ceramic_0603)
Added Component: Designator=C4(Cap_Ceramic_0603)
Added Component: Designator=C5(Cap_Ceramic_0603)
Added Component: Designator=C6(Cap_Ceramic_0603)
Added Component: Designator=C7(Cap_Ceramic_0603)
Added Component: Designator=C8(Cap_Ceramic_0603)
Added Component: Designator=C9(Cap_Ceramic_0603)
Added Component: Designator=C10(Cap_Ceramic_0603)
Added Component: Designator=C11(Cap_Ceramic_0603)
Added Component: Designator=C12(Cap_Ceramic_0603)
Added Component: Designator=C13(Cap_Ceramic_0603)
Added Component: Designator=C14(Cap_Ceramic_0603)
Added Component: Designator=C15(Cap_Ceramic_0603)
Added Component: Designator=C16(Cap_Ceramic_0603)
Added Component: Designator=C17(Cap_Ceramic_0603)
Added Component: Designator=C18(Cap_Ceramic_0603)
Added Component: Designator=C19(Cap_Ceramic_0603)
Added Component: Designator=C20(Cap_Ceramic_0603)
Added Component: Designator=C21(Cap_Ceramic_0603)
Added Component: Designator=C22(Cap_Ceramic_0603)
Added Component: Designator=C23(Cap_Ceramic_0603)
Added Component: Designator=C24(Cap_Ceramic_0603)
Added Component: Designator=C25A(Cap_Ceramic_0603)
Added Component: Designator=C25B(Cap_Ceramic_0603)
Added Component: Designator=C25C(Cap_Ceramic_0603)
Added Component: Designator=C26A(Cap_Ceramic_0603)
Added Component: Designator=C26B(Cap_Ceramic_0603)
Added Component: Designator=C26C(Cap_Ceramic_0603)
Added Component: Designator=C26D(Cap_Ceramic_0603)
Added Component: Designator=C26E(Cap_Ceramic_0603)
Added Component: Designator=C26F(Cap_Ceramic_0603)
Added Component: Designator=C26G(Cap_Ceramic_0603)
Added Component: Designator=C26H(Cap_Ceramic_0603)
Added Component: Designator=C26I(Cap_Ceramic_0603)
Added Component: Designator=C26J(Cap_Ceramic_0603)
Added Component: Designator=C26K(Cap_Ceramic_0603)
Added Component: Designator=C26L(Cap_Ceramic_0603)
Added Component: Designator=C27(Cap_Ceramic_0603)
Added Component: Designator=C28(Cap_Ceramic_1206)
Added Component: Designator=C29(Cap_Ceramic_1206)
Added Component: Designator=C30(Cap_Ceramic_1210)
Added Component: Designator=C31(Cap_Ceramic_1210)
Added Component: Designator=C32(Cap_Ceramic_0603)
Added Component: Designator=C33(Cap_Ceramic_1206)
Added Component: Designator=C34(Cap_Ceramic_1206)
Added Component: Designator=C35(Cap_Ceramic_1210)
Added Component: Designator=C36(Cap_Ceramic_1210)
Added Component: Designator=C37(Cap_Ceramic_0603)
Added Component: Designator=C38(Cap_Ceramic_0603)
Added Component: Designator=C39(Cap_Ceramic_0603)
Added Component: Designator=C40(Cap_Ceramic_0603)
Added Component: Designator=C41(Cap_Ceramic_0603)
Added Component: Designator=C42(Cap_Ceramic_0603)
Added Component: Designator=C43(Cap_Ceramic_0603)
Added Component: Designator=C44(Cap_Ceramic_0603)
Added Component: Designator=C45(Cap_Ceramic_0603)
Added Component: Designator=C46A(Cap_Ceramic_0603)
Added Component: Designator=C46B(Cap_Ceramic_0603)
Added Component: Designator=C46C(Cap_Ceramic_0603)
Added Component: Designator=C46D(Cap_Ceramic_0603)
Added Component: Designator=D1(SOD123)
Add component (AddParameter): Name = "ComponentLink1Description"; Value = "Digikey"; VariantName = "[No Variations]"
Add component (AddParameter): Name = "ComponentLink1URL"; Value = "https://www.digikey.com.au/product-detail/en/vishay-semiconductor-diodes-division/BZT52B3V3-G3-08/BZT52B3V3-G3-08GICT-ND/8284035"; VariantName = "[No Variations]"
Add component (AddParameter): Name = "ComponentLink2Description"; Value = "Datasheet"; VariantName = "[No Variations]"
Add component (AddParameter): Name = "ComponentLink2URL"; Value = "https://www.vishay.com/docs/83340/bzt52g.pdf"; VariantName = "[No Variations]"
Added Component: Designator=D2(SOD123)
Add component (AddParameter): Name = "ComponentLink1Description"; Value = "Digikey"; VariantName = "[No Variations]"
Add component (AddParameter): Name = "ComponentLink1URL"; Value = "https://www.digikey.com.au/product-detail/en/vishay-semiconductor-diodes-division/BZT52B3V3-G3-08/BZT52B3V3-G3-08GICT-ND/8284035"; VariantName = "[No Variations]"
Add component (AddParameter): Name = "ComponentLink2Description"; Value = "Datasheet"; VariantName = "[No Variations]"
Add component (AddParameter): Name = "ComponentLink2URL"; Value = "https://www.vishay.com/docs/83340/bzt52g.pdf"; VariantName = "[No Variations]"
Added Component: Designator=D3A(NUP2105L)
Add component (AddParameter): Name = "ComponentLink1Description"; Value = "Datasheet"; VariantName = "[No Variations]"
Add component (AddParameter): Name = "ComponentLink1URL"; Value = "https://www.onsemi.cn/PowerSolutions/document/NUP2105L-D.PDF"; VariantName = "[No Variations]"
Add component (AddParameter): Name = "ComponentLink2Description"; Value = "LCSC"; VariantName = "[No Variations]"
Add component (AddParameter): Name = "ComponentLink2URL"; Value = "https://lcsc.com/product-detail/TVS_ON-Semiconductor-NUP2105LT1G_C14486.html"; VariantName = "[No Variations]"
Add component (AddParameter): Name = "ComponentLink3Description"; Value = "Digikey"; VariantName = "[No Variations]"
Add component (AddParameter): Name = "ComponentLink3URL"; Value = "https://www.digikey.com.au/product-detail/en/on-semiconductor/SZNUP2105LT1G/SZNUP2105LT1GOSCT-ND/3487669"; VariantName = "[No Variations]"
Add component (AddParameter): Name = "Parameter 1"; Value = ""; VariantName = "[No Variations]"
Added Component: Designator=D3B(NUP2105L)
Add component (AddParameter): Name = "ComponentLink1Description"; Value = "Datasheet"; VariantName = "[No Variations]"
Add component (AddParameter): Name = "ComponentLink1URL"; Value = "https://www.onsemi.cn/PowerSolutions/document/NUP2105L-D.PDF"; VariantName = "[No Variations]"
Add component (AddParameter): Name = "ComponentLink2Description"; Value = "LCSC"; VariantName = "[No Variations]"
Add component (AddParameter): Name = "ComponentLink2URL"; Value = "https://lcsc.com/product-detail/TVS_ON-Semiconductor-NUP2105LT1G_C14486.html"; VariantName = "[No Variations]"
Add component (AddParameter): Name = "ComponentLink3Description"; Value = "Digikey"; VariantName = "[No Variations]"
Add component (AddParameter): Name = "ComponentLink3URL"; Value = "https://www.digikey.com.au/product-detail/en/on-semiconductor/SZNUP2105LT1G/SZNUP2105LT1GOSCT-ND/3487669"; VariantName = "[No Variations]"
Add component (AddParameter): Name = "Parameter 1"; Value = ""; VariantName = "[No Variations]"
Added Component: Designator=D3C(NUP2105L)
Add component (AddParameter): Name = "ComponentLink1Description"; Value = "Datasheet"; VariantName = "[No Variations]"
Add component (AddParameter): Name = "ComponentLink1URL"; Value = "https://www.onsemi.cn/PowerSolutions/document/NUP2105L-D.PDF"; VariantName = "[No Variations]"
Add component (AddParameter): Name = "ComponentLink2Description"; Value = "LCSC"; VariantName = "[No Variations]"
Add component (AddParameter): Name = "ComponentLink2URL"; Value = "https://lcsc.com/product-detail/TVS_ON-Semiconductor-NUP2105LT1G_C14486.html"; VariantName = "[No Variations]"
Add component (AddParameter): Name = "ComponentLink3Description"; Value = "Digikey"; VariantName = "[No Variations]"
Add component (AddParameter): Name = "ComponentLink3URL"; Value = "https://www.digikey.com.au/product-detail/en/on-semiconductor/SZNUP2105LT1G/SZNUP2105LT1GOSCT-ND/3487669"; VariantName = "[No Variations]"
Add component (AddParameter): Name = "Parameter 1"; Value = ""; VariantName = "[No Variations]"
Added Component: Designator=D4(NUP2105L)
Add component (AddParameter): Name = "ComponentLink1Description"; Value = "Datasheet"; VariantName = "[No Variations]"
Add component (AddParameter): Name = "ComponentLink1URL"; Value = "https://www.onsemi.cn/PowerSolutions/document/NUP2105L-D.PDF"; VariantName = "[No Variations]"
Add component (AddParameter): Name = "ComponentLink2Description"; Value = "LCSC"; VariantName = "[No Variations]"
Add component (AddParameter): Name = "ComponentLink2URL"; Value = "https://lcsc.com/product-detail/TVS_ON-Semiconductor-NUP2105LT1G_C14486.html"; VariantName = "[No Variations]"
Add component (AddParameter): Name = "ComponentLink3Description"; Value = "Digikey"; VariantName = "[No Variations]"
Add component (AddParameter): Name = "ComponentLink3URL"; Value = "https://www.digikey.com.au/product-detail/en/on-semiconductor/SZNUP2105LT1G/SZNUP2105LT1GOSCT-ND/3487669"; VariantName = "[No Variations]"
Added Component: Designator=D5(NUP2105L)
Add component (AddParameter): Name = "ComponentLink1Description"; Value = "Datasheet"; VariantName = "[No Variations]"
Add component (AddParameter): Name = "ComponentLink1URL"; Value = "https://www.onsemi.cn/PowerSolutions/document/NUP2105L-D.PDF"; VariantName = "[No Variations]"
Add component (AddParameter): Name = "ComponentLink2Description"; Value = "LCSC"; VariantName = "[No Variations]"
Add component (AddParameter): Name = "ComponentLink2URL"; Value = "https://lcsc.com/product-detail/TVS_ON-Semiconductor-NUP2105LT1G_C14486.html"; VariantName = "[No Variations]"
Add component (AddParameter): Name = "ComponentLink3Description"; Value = "Digikey"; VariantName = "[No Variations]"
Add component (AddParameter): Name = "ComponentLink3URL"; Value = "https://www.digikey.com.au/product-detail/en/on-semiconductor/SZNUP2105LT1G/SZNUP2105LT1GOSCT-ND/3487669"; VariantName = "[No Variations]"
Added Component: Designator=D6(NUP2105L)
Add component (AddParameter): Name = "ComponentLink1Description"; Value = "Datasheet"; VariantName = "[No Variations]"
Add component (AddParameter): Name = "ComponentLink1URL"; Value = "https://www.onsemi.cn/PowerSolutions/document/NUP2105L-D.PDF"; VariantName = "[No Variations]"
Add component (AddParameter): Name = "ComponentLink2Description"; Value = "LCSC"; VariantName = "[No Variations]"
Add component (AddParameter): Name = "ComponentLink2URL"; Value = "https://lcsc.com/product-detail/TVS_ON-Semiconductor-NUP2105LT1G_C14486.html"; VariantName = "[No Variations]"
Add component (AddParameter): Name = "ComponentLink3Description"; Value = "Digikey"; VariantName = "[No Variations]"
Add component (AddParameter): Name = "ComponentLink3URL"; Value = "https://www.digikey.com.au/product-detail/en/on-semiconductor/SZNUP2105LT1G/SZNUP2105LT1GOSCT-ND/3487669"; VariantName = "[No Variations]"
Added Component: Designator=D7(NUP2105L)
Add component (AddParameter): Name = "ComponentLink1Description"; Value = "Datasheet"; VariantName = "[No Variations]"
Add component (AddParameter): Name = "ComponentLink1URL"; Value = "https://www.onsemi.cn/PowerSolutions/document/NUP2105L-D.PDF"; VariantName = "[No Variations]"
Add component (AddParameter): Name = "ComponentLink2Description"; Value = "LCSC"; VariantName = "[No Variations]"
Add component (AddParameter): Name = "ComponentLink2URL"; Value = "https://lcsc.com/product-detail/TVS_ON-Semiconductor-NUP2105LT1G_C14486.html"; VariantName = "[No Variations]"
Add component (AddParameter): Name = "ComponentLink3Description"; Value = "Digikey"; VariantName = "[No Variations]"
Add component (AddParameter): Name = "ComponentLink3URL"; Value = "https://www.digikey.com.au/product-detail/en/on-semiconductor/SZNUP2105LT1G/SZNUP2105LT1GOSCT-ND/3487669"; VariantName = "[No Variations]"
Added Component: Designator=D8(NUP2105L)
Add component (AddParameter): Name = "ComponentLink1Description"; Value = "Datasheet"; VariantName = "[No Variations]"
Add component (AddParameter): Name = "ComponentLink1URL"; Value = "https://www.onsemi.cn/PowerSolutions/document/NUP2105L-D.PDF"; VariantName = "[No Variations]"
Add component (AddParameter): Name = "ComponentLink2Description"; Value = "LCSC"; VariantName = "[No Variations]"
Add component (AddParameter): Name = "ComponentLink2URL"; Value = "https://lcsc.com/product-detail/TVS_ON-Semiconductor-NUP2105LT1G_C14486.html"; VariantName = "[No Variations]"
Add component (AddParameter): Name = "ComponentLink3Description"; Value = "Digikey"; VariantName = "[No Variations]"
Add component (AddParameter): Name = "ComponentLink3URL"; Value = "https://www.digikey.com.au/product-detail/en/on-semiconductor/SZNUP2105LT1G/SZNUP2105LT1GOSCT-ND/3487669"; VariantName = "[No Variations]"
Added Component: Designator=D9A(SOD323F)
Add component (AddParameter): Name = "ComponentLink1Description"; Value = "Digikey"; VariantName = "[No Variations]"
Add component (AddParameter): Name = "ComponentLink1URL"; Value = "https://www.digikey.com.au/product-detail/en/on-semiconductor/MM3Z3V3B/MM3Z3V3BCT-ND/1626881"; VariantName = "[No Variations]"
Added Component: Designator=D9B(SOD323F)
Add component (AddParameter): Name = "ComponentLink1Description"; Value = "Digikey"; VariantName = "[No Variations]"
Add component (AddParameter): Name = "ComponentLink1URL"; Value = "https://www.digikey.com.au/product-detail/en/on-semiconductor/MM3Z3V3B/MM3Z3V3BCT-ND/1626881"; VariantName = "[No Variations]"
Added Component: Designator=D9C(SOD323F)
Add component (AddParameter): Name = "ComponentLink1Description"; Value = "Digikey"; VariantName = "[No Variations]"
Add component (AddParameter): Name = "ComponentLink1URL"; Value = "https://www.digikey.com.au/product-detail/en/on-semiconductor/MM3Z3V3B/MM3Z3V3BCT-ND/1626881"; VariantName = "[No Variations]"
Added Component: Designator=D9D(SOD323F)
Add component (AddParameter): Name = "ComponentLink1Description"; Value = "Digikey"; VariantName = "[No Variations]"
Add component (AddParameter): Name = "ComponentLink1URL"; Value = "https://www.digikey.com.au/product-detail/en/on-semiconductor/MM3Z3V3B/MM3Z3V3BCT-ND/1626881"; VariantName = "[No Variations]"
Added Component: Designator=D9E(SOD323F)
Add component (AddParameter): Name = "ComponentLink1Description"; Value = "Digikey"; VariantName = "[No Variations]"
Add component (AddParameter): Name = "ComponentLink1URL"; Value = "https://www.digikey.com.au/product-detail/en/on-semiconductor/MM3Z3V3B/MM3Z3V3BCT-ND/1626881"; VariantName = "[No Variations]"
Added Component: Designator=D9F(SOD323F)
Add component (AddParameter): Name = "ComponentLink1Description"; Value = "Digikey"; VariantName = "[No Variations]"
Add component (AddParameter): Name = "ComponentLink1URL"; Value = "https://www.digikey.com.au/product-detail/en/on-semiconductor/MM3Z3V3B/MM3Z3V3BCT-ND/1626881"; VariantName = "[No Variations]"
Added Component: Designator=D9G(SOD323F)
Add component (AddParameter): Name = "ComponentLink1Description"; Value = "Digikey"; VariantName = "[No Variations]"
Add component (AddParameter): Name = "ComponentLink1URL"; Value = "https://www.digikey.com.au/product-detail/en/on-semiconductor/MM3Z3V3B/MM3Z3V3BCT-ND/1626881"; VariantName = "[No Variations]"
Added Component: Designator=D9H(SOD323F)
Add component (AddParameter): Name = "ComponentLink1Description"; Value = "Digikey"; VariantName = "[No Variations]"
Add component (AddParameter): Name = "ComponentLink1URL"; Value = "https://www.digikey.com.au/product-detail/en/on-semiconductor/MM3Z3V3B/MM3Z3V3BCT-ND/1626881"; VariantName = "[No Variations]"
Added Component: Designator=D9I(SOD323F)
Add component (AddParameter): Name = "ComponentLink1Description"; Value = "Digikey"; VariantName = "[No Variations]"
Add component (AddParameter): Name = "ComponentLink1URL"; Value = "https://www.digikey.com.au/product-detail/en/on-semiconductor/MM3Z3V3B/MM3Z3V3BCT-ND/1626881"; VariantName = "[No Variations]"
Added Component: Designator=D9J(SOD323F)
Add component (AddParameter): Name = "ComponentLink1Description"; Value = "Digikey"; VariantName = "[No Variations]"
Add component (AddParameter): Name = "ComponentLink1URL"; Value = "https://www.digikey.com.au/product-detail/en/on-semiconductor/MM3Z3V3B/MM3Z3V3BCT-ND/1626881"; VariantName = "[No Variations]"
Added Component: Designator=D9K(SOD323F)
Add component (AddParameter): Name = "ComponentLink1Description"; Value = "Digikey"; VariantName = "[No Variations]"
Add component (AddParameter): Name = "ComponentLink1URL"; Value = "https://www.digikey.com.au/product-detail/en/on-semiconductor/MM3Z3V3B/MM3Z3V3BCT-ND/1626881"; VariantName = "[No Variations]"
Added Component: Designator=D9L(SOD323F)
Add component (AddParameter): Name = "ComponentLink1Description"; Value = "Digikey"; VariantName = "[No Variations]"
Add component (AddParameter): Name = "ComponentLink1URL"; Value = "https://www.digikey.com.au/product-detail/en/on-semiconductor/MM3Z3V3B/MM3Z3V3BCT-ND/1626881"; VariantName = "[No Variations]"
Added Component: Designator=D10A(SOD323F)
Added Component: Designator=D10B(SOD323F)
Added Component: Designator=D10C(SOD323F)
Added Component: Designator=D10D(SOD323F)
Added Component: Designator=D10E(SOD323F)
Added Component: Designator=D10F(SOD323F)
Added Component: Designator=D10G(SOD323F)
Added Component: Designator=D10H(SOD323F)
Added Component: Designator=D10I(SOD323F)
Added Component: Designator=D10J(SOD323F)
Added Component: Designator=D10K(SOD323F)
Added Component: Designator=D10L(SOD323F)
Added Component: Designator=D11(SMA)
Added Component: Designator=D12(SMB)
Add component (AddParameter): Name = "ComponentLink1Description"; Value = "Digikey"; VariantName = "[No Variations]"
Add component (AddParameter): Name = "ComponentLink1URL"; Value = "https://www.digikey.com.au/product-detail/en/littelfuse-inc/SMBJ15CA/SMBJ15CALFCT-ND/285983"; VariantName = "[No Variations]"
Add component (AddParameter): Name = "ComponentLink2Description"; Value = "Datasheet"; VariantName = "[No Variations]"
Add component (AddParameter): Name = "ComponentLink2URL"; Value = "https://www.littelfuse.com/~/media/electronics/datasheets/tvs_diodes/littelfuse_tvs_diode_smbj_datasheet.pdf.pdf"; VariantName = "[No Variations]"
Added Component: Designator=D13(SMA)
Added Component: Designator=D14(SMB)
Add component (AddParameter): Name = "ComponentLink1Description"; Value = "Digikey"; VariantName = "[No Variations]"
Add component (AddParameter): Name = "ComponentLink1URL"; Value = "https://www.digikey.com.au/product-detail/en/littelfuse-inc/SMBJ15CA/SMBJ15CALFCT-ND/285983"; VariantName = "[No Variations]"
Add component (AddParameter): Name = "ComponentLink2Description"; Value = "Datasheet"; VariantName = "[No Variations]"
Add component (AddParameter): Name = "ComponentLink2URL"; Value = "https://www.littelfuse.com/~/media/electronics/datasheets/tvs_diodes/littelfuse_tvs_diode_smbj_datasheet.pdf.pdf"; VariantName = "[No Variations]"
Added Component: Designator=D15(SMB)
Add component (AddParameter): Name = "ComponentLink1Description"; Value = "Digikey"; VariantName = "[No Variations]"
Add component (AddParameter): Name = "ComponentLink1URL"; Value = "https://www.digikey.com.au/product-detail/en/littelfuse-inc/SMBJ15CA/SMBJ15CALFCT-ND/285983"; VariantName = "[No Variations]"
Add component (AddParameter): Name = "ComponentLink2Description"; Value = "Datasheet"; VariantName = "[No Variations]"
Add component (AddParameter): Name = "ComponentLink2URL"; Value = "https://www.littelfuse.com/~/media/electronics/datasheets/tvs_diodes/littelfuse_tvs_diode_smbj_datasheet.pdf.pdf"; VariantName = "[No Variations]"
Added Component: Designator=D16(USBLC6-2SC6)
Added Component: Designator=D17(WS2812C)
Added Component: Designator=D18A(SOD323F)
Add component (AddParameter): Name = "ComponentLink1Description"; Value = "Digikey"; VariantName = "[No Variations]"
Add component (AddParameter): Name = "ComponentLink1URL"; Value = "https://www.digikey.com.au/product-detail/en/on-semiconductor/MM3Z3V3B/MM3Z3V3BCT-ND/1626881"; VariantName = "[No Variations]"
Added Component: Designator=D18B(SOD323F)
Add component (AddParameter): Name = "ComponentLink1Description"; Value = "Digikey"; VariantName = "[No Variations]"
Add component (AddParameter): Name = "ComponentLink1URL"; Value = "https://www.digikey.com.au/product-detail/en/on-semiconductor/MM3Z3V3B/MM3Z3V3BCT-ND/1626881"; VariantName = "[No Variations]"
Added Component: Designator=D18C(SOD323F)
Add component (AddParameter): Name = "ComponentLink1Description"; Value = "Digikey"; VariantName = "[No Variations]"
Add component (AddParameter): Name = "ComponentLink1URL"; Value = "https://www.digikey.com.au/product-detail/en/on-semiconductor/MM3Z3V3B/MM3Z3V3BCT-ND/1626881"; VariantName = "[No Variations]"
Added Component: Designator=D18D(SOD323F)
Add component (AddParameter): Name = "ComponentLink1Description"; Value = "Digikey"; VariantName = "[No Variations]"
Add component (AddParameter): Name = "ComponentLink1URL"; Value = "https://www.digikey.com.au/product-detail/en/on-semiconductor/MM3Z3V3B/MM3Z3V3BCT-ND/1626881"; VariantName = "[No Variations]"
Added Component: Designator=D19A(SOD323F)
Added Component: Designator=D19B(SOD323F)
Added Component: Designator=D19C(SOD323F)
Added Component: Designator=D19D(SOD323F)
Added Component: Designator=DS1A(LED BLUE 0603)
Added Component: Designator=DS1B(LED BLUE 0603)
Added Component: Designator=DS1C(LED BLUE 0603)
Added Component: Designator=DS2A(LED BLUE 0603)
Added Component: Designator=DS2B(LED BLUE 0603)
Added Component: Designator=DS2C(LED BLUE 0603)
Added Component: Designator=DS3(LED GREEN 0603)
Added Component: Designator=DS4(LED GREEN 0603)
Added Component: Designator=DS5(LED GREEN 0603)
Added Component: Designator=DS6(LED ORANGE 0603)
Added Component: Designator=DS7(LED ORANGE 0603)
Added Component: Designator=DS8(LED ORANGE 0603)
Added Component: Designator=DS9(LED ORANGE 0603)
Added Component: Designator=J1(IDC 1.27MM 10P)
Added Component: Designator=J2(KEYSTONE 2894)
Added Component: Designator=J3A(Jumper_2Way_Solderable)
Added Component: Designator=J3B(Jumper_2Way_Solderable)
Added Component: Designator=J3C(Jumper_2Way_Solderable)
Added Component: Designator=J4(SUPERSEAL RIGHT 60WAY)
Add component (AddParameter): Name = "ComponentLink1Description"; Value = "Digikey"; VariantName = "[No Variations]"
Add component (AddParameter): Name = "ComponentLink1URL"; Value = "https://www.digikey.com.au/products/en?keywords=3-6437285-2"; VariantName = "[No Variations]"
Add component (AddParameter): Name = "ComponentLink2Description"; Value = "TE"; VariantName = "[No Variations]"
Add component (AddParameter): Name = "ComponentLink2URL"; Value = "https://www.te.com/global-en/product-3-6437285-2.html"; VariantName = "[No Variations]"
Added Component: Designator=J5(105017-0001)
Added Component: Designator=L1(Inductor_0603)
Add component (AddParameter): Name = "ComponentLink1Description"; Value = "Digikey"; VariantName = "[No Variations]"
Add component (AddParameter): Name = "ComponentLink1URL"; Value = "https://www.digikey.com.au/product-detail/en/w%C3%BCrth-elektronik/74404064221/732-7261-1-ND/5353241"; VariantName = "[No Variations]"
Add component (AddParameter): Name = "ComponentLink2Description"; Value = "LCSC A"; VariantName = "[No Variations]"
Add component (AddParameter): Name = "ComponentLink2URL"; Value = "https://lcsc.com/product-detail/Power-Inductors_Sunlord-SWPA6045S221MT_C91047.html"; VariantName = "[No Variations]"
Add component (AddParameter): Name = "ComponentLink3Description"; Value = "LCSC B"; VariantName = "[No Variations]"
Add component (AddParameter): Name = "ComponentLink3URL"; Value = "https://lcsc.com/product-detail/Power-Inductors_SXN-Shun-Xiang-Nuo-Elec-SMNR6045-221MT_C467145.html"; VariantName = "[No Variations]"
Added Component: Designator=L2(INDUCTOR_4X3MM_1.8MM)
Add component (AddParameter): Name = "ComponentLink1Description"; Value = "Digikey"; VariantName = "[No Variations]"
Add component (AddParameter): Name = "ComponentLink1URL"; Value = "https://www.digikey.com/product-detail/en/w%C3%BCrth-elektronik/74404042470/732-5512-1-ND/4865405"; VariantName = "[No Variations]"
Add component (AddParameter): Name = "ComponentLink2Description"; Value = "LCSC A"; VariantName = "[No Variations]"
Add component (AddParameter): Name = "ComponentLink2URL"; Value = "https://lcsc.com/product-detail/Power-Inductors_Sunlord-SWPA6045S221MT_C91047.html"; VariantName = "[No Variations]"
Add component (AddParameter): Name = "ComponentLink3Description"; Value = "LCSC B"; VariantName = "[No Variations]"
Add component (AddParameter): Name = "ComponentLink3URL"; Value = "https://lcsc.com/product-detail/Power-Inductors_SXN-Shun-Xiang-Nuo-Elec-SMNR6045-221MT_C467145.html"; VariantName = "[No Variations]"
Added Component: Designator=L3(Inductor_6x6mm)
Add component (AddParameter): Name = "ComponentLink1Description"; Value = "Digikey"; VariantName = "[No Variations]"
Add component (AddParameter): Name = "ComponentLink1URL"; Value = "https://www.digikey.com.au/product-detail/en/w%C3%BCrth-elektronik/74404064221/732-7261-1-ND/5353241"; VariantName = "[No Variations]"
Add component (AddParameter): Name = "ComponentLink2Description"; Value = "LCSC A"; VariantName = "[No Variations]"
Add component (AddParameter): Name = "ComponentLink2URL"; Value = "https://lcsc.com/product-detail/Power-Inductors_Sunlord-SWPA6045S221MT_C91047.html"; VariantName = "[No Variations]"
Add component (AddParameter): Name = "ComponentLink3Description"; Value = "LCSC B"; VariantName = "[No Variations]"
Add component (AddParameter): Name = "ComponentLink3URL"; Value = "https://lcsc.com/product-detail/Power-Inductors_SXN-Shun-Xiang-Nuo-Elec-SMNR6045-221MT_C467145.html"; VariantName = "[No Variations]"
Added Component: Designator=L4(Inductor_0603)
Add component (AddParameter): Name = "ComponentLink1Description"; Value = "Digikey"; VariantName = "[No Variations]"
Add component (AddParameter): Name = "ComponentLink1URL"; Value = "https://www.digikey.com.au/product-detail/en/w%C3%BCrth-elektronik/74404064221/732-7261-1-ND/5353241"; VariantName = "[No Variations]"
Add component (AddParameter): Name = "ComponentLink2Description"; Value = "LCSC A"; VariantName = "[No Variations]"
Add component (AddParameter): Name = "ComponentLink2URL"; Value = "https://lcsc.com/product-detail/Power-Inductors_Sunlord-SWPA6045S221MT_C91047.html"; VariantName = "[No Variations]"
Add component (AddParameter): Name = "ComponentLink3Description"; Value = "LCSC B"; VariantName = "[No Variations]"
Add component (AddParameter): Name = "ComponentLink3URL"; Value = "https://lcsc.com/product-detail/Power-Inductors_SXN-Shun-Xiang-Nuo-Elec-SMNR6045-221MT_C467145.html"; VariantName = "[No Variations]"
Added Component: Designator=R1(Res_ThinFilm_0603)
Added Component: Designator=R2(Res_ThinFilm_0603)
Added Component: Designator=R3(Res_ThinFilm_0603)
Added Component: Designator=R4(Res_ThinFilm_0603)
Added Component: Designator=R5(Res_ThinFilm_0603)
Added Component: Designator=R6(Res_ThinFilm_0603)
Added Component: Designator=R7(Res_ThinFilm_0603)
Added Component: Designator=R8(Res_ThinFilm_0603)
Added Component: Designator=R9(Res_ThinFilm_0603)
Added Component: Designator=R10(Res_ThinFilm_0603)
Added Component: Designator=R11(Res_ThinFilm_0603)
Added Component: Designator=R12(Res_ThinFilm_0603)
Added Component: Designator=R13(Res_ThinFilm_0603)
Added Component: Designator=R14(Res_ThinFilm_0603)
Added Component: Designator=R15(Res_ThinFilm_0603)
Added Component: Designator=R16(Res_ThinFilm_0603)
Added Component: Designator=R17(Res_ThinFilm_0603)
Added Component: Designator=R18A(Res_ThinFilm_0603)
Added Component: Designator=R18B(Res_ThinFilm_0603)
Added Component: Designator=R18C(Res_ThinFilm_0603)
Added Component: Designator=R19A(Res_ThinFilm_0603)
Added Component: Designator=R19B(Res_ThinFilm_0603)
Added Component: Designator=R19C(Res_ThinFilm_0603)
Added Component: Designator=R20A(Res_ThinFilm_1210)
Added Component: Designator=R20B(Res_ThinFilm_1210)
Added Component: Designator=R20C(Res_ThinFilm_1210)
Added Component: Designator=R21(Res_ThinFilm_0603)
Added Component: Designator=R22(Res_ThinFilm_0603)
Added Component: Designator=R23A(Res_ThinFilm_0603)
Added Component: Designator=R23B(Res_ThinFilm_0603)
Added Component: Designator=R23C(Res_ThinFilm_0603)
Added Component: Designator=R23D(Res_ThinFilm_0603)
Added Component: Designator=R23E(Res_ThinFilm_0603)
Added Component: Designator=R23F(Res_ThinFilm_0603)
Added Component: Designator=R23G(Res_ThinFilm_0603)
Added Component: Designator=R23H(Res_ThinFilm_0603)
Added Component: Designator=R23I(Res_ThinFilm_0603)
Added Component: Designator=R23J(Res_ThinFilm_0603)
Added Component: Designator=R23K(Res_ThinFilm_0603)
Added Component: Designator=R23L(Res_ThinFilm_0603)
Added Component: Designator=R24A(Res_ThinFilm_0603)
Added Component: Designator=R24B(Res_ThinFilm_0603)
Added Component: Designator=R24C(Res_ThinFilm_0603)
Added Component: Designator=R24D(Res_ThinFilm_0603)
Added Component: Designator=R24E(Res_ThinFilm_0603)
Added Component: Designator=R24F(Res_ThinFilm_0603)
Added Component: Designator=R24G(Res_ThinFilm_0603)
Added Component: Designator=R24H(Res_ThinFilm_0603)
Added Component: Designator=R24I(Res_ThinFilm_0603)
Added Component: Designator=R24J(Res_ThinFilm_0603)
Added Component: Designator=R24K(Res_ThinFilm_0603)
Added Component: Designator=R24L(Res_ThinFilm_0603)
Added Component: Designator=R25A(Res_ThinFilm_0603)
Added Component: Designator=R25B(Res_ThinFilm_0603)
Added Component: Designator=R25C(Res_ThinFilm_0603)
Added Component: Designator=R25D(Res_ThinFilm_0603)
Added Component: Designator=R25E(Res_ThinFilm_0603)
Added Component: Designator=R25F(Res_ThinFilm_0603)
Added Component: Designator=R25G(Res_ThinFilm_0603)
Added Component: Designator=R25H(Res_ThinFilm_0603)
Added Component: Designator=R25I(Res_ThinFilm_0603)
Added Component: Designator=R25J(Res_ThinFilm_0603)
Added Component: Designator=R25K(Res_ThinFilm_0603)
Added Component: Designator=R25L(Res_ThinFilm_0603)
Added Component: Designator=R26(Res_ThinFilm_0603)
Added Component: Designator=R27(Res_ThinFilm_0603)
Added Component: Designator=R28(Res_ThinFilm_0603)
Added Component: Designator=R29(Res_ThinFilm_0603)
Added Component: Designator=R30(Res_ThinFilm_0603)
Added Component: Designator=R31(Res_ThinFilm_0603)
Added Component: Designator=R32(Res_ThinFilm_0603)
Added Component: Designator=R33(Res_ThinFilm_0603)
Added Component: Designator=R34(Res_ThinFilm_0603)
Added Component: Designator=R35(Res_ThinFilm_0603)
Added Component: Designator=R36(Res_ThinFilm_0603)
Added Component: Designator=R37(Res_ThinFilm_0603)
Added Component: Designator=R38(Res_ThinFilm_0603)
Added Component: Designator=R39(Res_ThinFilm_0603)
Added Component: Designator=R40(Res_ThinFilm_0603)
Added Component: Designator=R41(Res_ThinFilm_0603)
Added Component: Designator=R42(Res_ThinFilm_0603)
Added Component: Designator=R43(Res_ThinFilm_0603)
Added Component: Designator=R44(Res_ThinFilm_0603)
Added Component: Designator=R45(Res_ThinFilm_0603)
Added Component: Designator=R46(Res_ThinFilm_0603)
Added Component: Designator=R47(Res_ThinFilm_0603)
Added Component: Designator=R48(Res_ThinFilm_0603)
Added Component: Designator=R49(Res_ThinFilm_0603)
Added Component: Designator=R50(Res_ThinFilm_0603)
Added Component: Designator=R51(Res_ThinFilm_0603)
Added Component: Designator=R52A(Res_ThinFilm_0603)
Added Component: Designator=R52B(Res_ThinFilm_0603)
Added Component: Designator=R52C(Res_ThinFilm_0603)
Added Component: Designator=R52D(Res_ThinFilm_0603)
Added Component: Designator=R53A(Res_ThinFilm_0603)
Added Component: Designator=R53B(Res_ThinFilm_0603)
Added Component: Designator=R53C(Res_ThinFilm_0603)
Added Component: Designator=R53D(Res_ThinFilm_0603)
Added Component: Designator=R54A(Res_ThinFilm_0603)
Added Component: Designator=R54B(Res_ThinFilm_0603)
Added Component: Designator=R54C(Res_ThinFilm_0603)
Added Component: Designator=R54D(Res_ThinFilm_0603)
Added Component: Designator=SD1(47219-2001)
Added Component: Designator=SW1(BTN STANDARD 4.5mm X 4.5mm)
Add component (AddParameter): Name = "ComponentLink1Description"; Value = "LCSC"; VariantName = "[No Variations]"
Add component (AddParameter): Name = "ComponentLink1URL"; Value = "https://lcsc.com/product-detail/Tactile-Switches_BRIGHT-TSA063G50-250_C294565.html"; VariantName = "[No Variations]"
Added Component: Designator=U1(LQFP-100)
Add component (AddParameter): Name = "ComponentLink1Description"; Value = "Digikey"; VariantName = "[No Variations]"
Add component (AddParameter): Name = "ComponentLink1URL"; Value = "https://www.digikey.com/product-detail/en/stmicroelectronics/STM32F765VIT6/497-16631-ND/6137842"; VariantName = "[No Variations]"
Add component (AddParameter): Name = "ComponentLink2Description"; Value = "Datasheet"; VariantName = "[No Variations]"
Add component (AddParameter): Name = "ComponentLink2URL"; Value = ""; VariantName = "[No Variations]"
Added Component: Designator=U2(DSC6083CI2A-032K768)
Added Component: Designator=U3(DSC1001DI1-008.0000TCT-ND)
Added Component: Designator=U4(BTS70802EPA)
Add component (AddParameter): Name = "ComponentLink1Description"; Value = "Digikey"; VariantName = "[No Variations]"
Add component (AddParameter): Name = "ComponentLink1URL"; Value = "https://www.digikey.com/product-detail/en/infineon-technologies/BTS70802EPAXUMA1/BTS70802EPAXUMA1CT-ND/8346497"; VariantName = "[No Variations]"
Add component (AddParameter): Name = "ComponentLink2Description"; Value = "Datasheet"; VariantName = "[No Variations]"
Add component (AddParameter): Name = "ComponentLink2URL"; Value = "https://www.infineon.com/dgdl/Infineon-BTS7080-2EPA-DataSheet-v01_06-EN.pdf?fileId=5546d4625e763904015e941bf21e2dbe"; VariantName = "[No Variations]"
Added Component: Designator=U5(BTS70802EPA)
Add component (AddParameter): Name = "ComponentLink1Description"; Value = "Digikey"; VariantName = "[No Variations]"
Add component (AddParameter): Name = "ComponentLink1URL"; Value = "https://www.digikey.com/product-detail/en/infineon-technologies/BTS70802EPAXUMA1/BTS70802EPAXUMA1CT-ND/8346497"; VariantName = "[No Variations]"
Add component (AddParameter): Name = "ComponentLink2Description"; Value = "Datasheet"; VariantName = "[No Variations]"
Add component (AddParameter): Name = "ComponentLink2URL"; Value = "https://www.infineon.com/dgdl/Infineon-BTS7080-2EPA-DataSheet-v01_06-EN.pdf?fileId=5546d4625e763904015e941bf21e2dbe"; VariantName = "[No Variations]"
Added Component: Designator=U6A(SN65HVD233DR)
Add component (AddParameter): Name = "ComponentLink1Description"; Value = "LCSC"; VariantName = "[No Variations]"
Add component (AddParameter): Name = "ComponentLink1URL"; Value = "https://lcsc.com/product-detail/CAN-ICs_Texas-Instruments_SN65HVD233DRG4_Texas-Instruments-Texas-Instruments-SN65HVD233DRG4_C61643.html"; VariantName = "[No Variations]"
Add component (AddParameter): Name = "ComponentLink2Description"; Value = "Digikey"; VariantName = "[No Variations]"
Add component (AddParameter): Name = "ComponentLink2URL"; Value = "https://www.digikey.com.au/product-detail/en/texas-instruments/SN65HVD233DR/296-35967-1-ND/4134960"; VariantName = "[No Variations]"
Add component (AddParameter): Name = "ComponentLink3Description"; Value = "Datasheet"; VariantName = "[No Variations]"
Add component (AddParameter): Name = "ComponentLink3URL"; Value = "https://www.ti.com/lit/ds/symlink/sn65hvd233.pdf?ts=1588560888178"; VariantName = "[No Variations]"
Add component (AddParameter): Name = "ComponentLink4Description"; Value = "Ti Product Page"; VariantName = "[No Variations]"
Add component (AddParameter): Name = "ComponentLink4URL"; Value = "https://www.ti.com/product/SN65HVD233"; VariantName = "[No Variations]"
Added Component: Designator=U6B(SN65HVD233DR)
Add component (AddParameter): Name = "ComponentLink1Description"; Value = "LCSC"; VariantName = "[No Variations]"
Add component (AddParameter): Name = "ComponentLink1URL"; Value = "https://lcsc.com/product-detail/CAN-ICs_Texas-Instruments_SN65HVD233DRG4_Texas-Instruments-Texas-Instruments-SN65HVD233DRG4_C61643.html"; VariantName = "[No Variations]"
Add component (AddParameter): Name = "ComponentLink2Description"; Value = "Digikey"; VariantName = "[No Variations]"
Add component (AddParameter): Name = "ComponentLink2URL"; Value = "https://www.digikey.com.au/product-detail/en/texas-instruments/SN65HVD233DR/296-35967-1-ND/4134960"; VariantName = "[No Variations]"
Add component (AddParameter): Name = "ComponentLink3Description"; Value = "Datasheet"; VariantName = "[No Variations]"
Add component (AddParameter): Name = "ComponentLink3URL"; Value = "https://www.ti.com/lit/ds/symlink/sn65hvd233.pdf?ts=1588560888178"; VariantName = "[No Variations]"
Add component (AddParameter): Name = "ComponentLink4Description"; Value = "Ti Product Page"; VariantName = "[No Variations]"
Add component (AddParameter): Name = "ComponentLink4URL"; Value = "https://www.ti.com/product/SN65HVD233"; VariantName = "[No Variations]"
Added Component: Designator=U6C(SN65HVD233DR)
Add component (AddParameter): Name = "ComponentLink1Description"; Value = "LCSC"; VariantName = "[No Variations]"
Add component (AddParameter): Name = "ComponentLink1URL"; Value = "https://lcsc.com/product-detail/CAN-ICs_Texas-Instruments_SN65HVD233DRG4_Texas-Instruments-Texas-Instruments-SN65HVD233DRG4_C61643.html"; VariantName = "[No Variations]"
Add component (AddParameter): Name = "ComponentLink2Description"; Value = "Digikey"; VariantName = "[No Variations]"
Add component (AddParameter): Name = "ComponentLink2URL"; Value = "https://www.digikey.com.au/product-detail/en/texas-instruments/SN65HVD233DR/296-35967-1-ND/4134960"; VariantName = "[No Variations]"
Add component (AddParameter): Name = "ComponentLink3Description"; Value = "Datasheet"; VariantName = "[No Variations]"
Add component (AddParameter): Name = "ComponentLink3URL"; Value = "https://www.ti.com/lit/ds/symlink/sn65hvd233.pdf?ts=1588560888178"; VariantName = "[No Variations]"
Add component (AddParameter): Name = "ComponentLink4Description"; Value = "Ti Product Page"; VariantName = "[No Variations]"
Add component (AddParameter): Name = "ComponentLink4URL"; Value = "https://www.ti.com/product/SN65HVD233"; VariantName = "[No Variations]"
Added Component: Designator=U7(PW0016A_M)
Add component (AddParameter): Name = "ComponentLink1Description"; Value = "Manufacturer URL"; VariantName = "[No Variations]"
Add component (AddParameter): Name = "ComponentLink1URL"; Value = "www.ti.com"; VariantName = "[No Variations]"
Add component (AddParameter): Name = "ComponentLink2Description"; Value = "Datasheet"; VariantName = "[No Variations]"
Add component (AddParameter): Name = "ComponentLink2URL"; Value = "http://www.ti.com/general/docs/lit/getliterature.tsp?genericPartNumber=MAX3232E&fileType=pdf"; VariantName = "[No Variations]"
Add component (AddParameter): Name = "ComponentLink3Description"; Value = "Package Specification"; VariantName = "[No Variations]"
Add component (AddParameter): Name = "ComponentLink3URL"; Value = "http://www.ti.com/litv/pdf/mpds361"; VariantName = "[No Variations]"
Add component (AddParameter): Name = "DatasheetVersion"; Value = "SLLS664A"; VariantName = "[No Variations]"
Add component (AddParameter): Name = "Drivers Per Package"; Value = "2"; VariantName = "[No Variations]"
Add component (AddParameter): Name = "ESD HBM(kV)"; Value = "+/-15"; VariantName = "[No Variations]"
Add component (AddParameter): Name = "ICC(Max)(mA)"; Value = "1"; VariantName = "[No Variations]"
Add component (AddParameter): Name = "IEC-61000-4-2 SUPPORT"; Value = "TRUE"; VariantName = "[No Variations]"
Add component (AddParameter): Name = "PackageDescription"; Value = "16-Pin Plastic Thin Small Outline Package 5 x 4.4 mm Body ,0.65 mm Pitch"; VariantName = "[No Variations]"
Add component (AddParameter): Name = "PackageReference"; Value = "PW0016A"; VariantName = "[No Variations]"
Add component (AddParameter): Name = "PackageVersion"; Value = "revG, Feb-2011"; VariantName = "[No Variations]"
Add component (AddParameter): Name = "Receivers Per Package"; Value = "2"; VariantName = "[No Variations]"
Add component (AddParameter): Name = "RS-232"; Value = "TRUE"; VariantName = "[No Variations]"
Add component (AddParameter): Name = "Single Supply"; Value = "TRUE"; VariantName = "[No Variations]"
Add component (AddParameter): Name = "SubFamily"; Value = "RS-232"; VariantName = "[No Variations]"
Add component (AddParameter): Name = "Supply Voltage(s)(V)"; Value = "3.3 or 5.0"; VariantName = "[No Variations]"
Added Component: Designator=U8(FP-S8-5-MFG)
Add component (AddParameter): Name = "Automotive"; Value = "No"; VariantName = "[No Variations]"
Add component (AddParameter): Name = "Category"; Value = "IC"; VariantName = "[No Variations]"
Add component (AddParameter): Name = "ComponentLink2Description"; Value = "Datasheet"; VariantName = "[No Variations]"
Add component (AddParameter): Name = "ComponentLink2URL"; Value = "https://datasheets.maximintegrated.com/en/ds/MAX3483E-MAX3491E.pdf"; VariantName = "[No Variations]"
Add component (AddParameter): Name = "Data Rate"; Value = "12Mbits/s"; VariantName = "[No Variations]"
Add component (AddParameter): Name = "Device Class L1"; Value = "Integrated Circuits (ICs)"; VariantName = "[No Variations]"
Add component (AddParameter): Name = "Device Class L2"; Value = "Interface ICs"; VariantName = "[No Variations]"
Add component (AddParameter): Name = "Device Class L3"; Value = "RS-232 / RS-422 / RS-485 Interface ICs"; VariantName = "[No Variations]"
Add component (AddParameter): Name = "Digikey Description"; Value = "IC TRANSCEIVER FULL 1/1 8SOIC"; VariantName = "[No Variations]"
Add component (AddParameter): Name = "Footprint Url"; Value = "https://pdfserv.maximintegrated.com/land_patterns/90-0096.PDF"; VariantName = "[No Variations]"
Add component (AddParameter): Name = "Height"; Value = "1.75mm"; VariantName = "[No Variations]"
Add component (AddParameter): Name = "Interface"; Value = "RS-485,RS-422"; VariantName = "[No Variations]"
Add component (AddParameter): Name = "Lead Free"; Value = "Yes"; VariantName = "[No Variations]"
Add component (AddParameter): Name = "Manufacturer"; Value = "Maxim Integrated"; VariantName = "[No Variations]"
Add component (AddParameter): Name = "Manufacturer Part Number"; Value = "MAX3490EESA+"; VariantName = "[No Variations]"
Add component (AddParameter): Name = "Max Junction Temp"; Value = "+150°C"; VariantName = "[No Variations]"
Add component (AddParameter): Name = "Max Supply Voltage"; Value = "3.6V"; VariantName = "[No Variations]"
Add component (AddParameter): Name = "Min Supply Voltage"; Value = "3V"; VariantName = "[No Variations]"
Add component (AddParameter): Name = "Mouser Description"; Value = "RS-422/RS-485 Interface IC 3.3V 12Mbps Transceiver"; VariantName = "[No Variations]"
Add component (AddParameter): Name = "Nominal Supply Current"; Value = "0.95-1.1mA"; VariantName = "[No Variations]"
Add component (AddParameter): Name = "Number Of Receivers"; Value = "1"; VariantName = "[No Variations]"
Add component (AddParameter): Name = "Number Of Transmitters"; Value = "1"; VariantName = "[No Variations]"
Add component (AddParameter): Name = "Octopart"; Value = "https://octopart.com/max3490eesa%2B-maxim+integrated-39731905"; VariantName = "[No Variations]"
Add component (AddParameter): Name = "Package"; Value = "S8-5"; VariantName = "[No Variations]"
Add component (AddParameter): Name = "RoHS"; Value = "TRUE"; VariantName = "[No Variations]"
Add component (AddParameter): Name = "Simplex Duplex"; Value = "Full Duplex"; VariantName = "[No Variations]"
Add component (AddParameter): Name = "Standoff Height"; Value = "0.1mm"; VariantName = "[No Variations]"
Add component (AddParameter): Name = "Temperature"; Value = "-40°C to +85°C"; VariantName = "[No Variations]"
Add component (AddParameter): Name = "Temperature Range High"; Value = "+85°C"; VariantName = "[No Variations]"
Add component (AddParameter): Name = "Temperature Range Low"; Value = "-40°C"; VariantName = "[No Variations]"
Added Component: Designator=U9(LMR14010)
Added Component: Designator=U10(LMR14010)
Added Component: Designator=U11(TPS2115A)
Add component (AddParameter): Name = "ComponentLink1Description"; Value = "Digikey"; VariantName = "[No Variations]"
Add component (AddParameter): Name = "ComponentLink1URL"; Value = "https://www.digikey.com.au/product-detail/en/texas-instruments/TPS2115AIPWRQ1/296-24155-1-ND/2000840"; VariantName = "[No Variations]"
Added Pin To Net: NetName=3V3 Pin=C1-2
Added Pin To Net: NetName=3V3 Pin=C2-2
Added Pin To Net: NetName=3V3 Pin=C3-2
Added Pin To Net: NetName=3V3 Pin=C4-2
Added Pin To Net: NetName=3V3 Pin=C5-2
Added Pin To Net: NetName=3V3 Pin=C6-2
Added Pin To Net: NetName=3V3 Pin=C7-2
Added Pin To Net: NetName=3V3 Pin=C8-2
Added Pin To Net: NetName=3V3 Pin=C25A-2
Added Pin To Net: NetName=3V3 Pin=C25B-2
Added Pin To Net: NetName=3V3 Pin=C25C-2
Added Pin To Net: NetName=3V3 Pin=C30-2
Added Pin To Net: NetName=3V3 Pin=C31-2
Added Pin To Net: NetName=3V3 Pin=C38-2
Added Pin To Net: NetName=3V3 Pin=C39-2
Added Pin To Net: NetName=3V3 Pin=C40-2
Added Pin To Net: NetName=3V3 Pin=C42-2
Added Pin To Net: NetName=3V3 Pin=D12-K
Added Pin To Net: NetName=3V3 Pin=D17-1
Added Pin To Net: NetName=3V3 Pin=DS1A-1
Added Pin To Net: NetName=3V3 Pin=DS1B-1
Added Pin To Net: NetName=3V3 Pin=DS1C-1
Added Pin To Net: NetName=3V3 Pin=DS2A-1
Added Pin To Net: NetName=3V3 Pin=DS2B-1
Added Pin To Net: NetName=3V3 Pin=DS2C-1
Added Pin To Net: NetName=3V3 Pin=J1-1
Added Pin To Net: NetName=3V3 Pin=J4-B4
Added Pin To Net: NetName=3V3 Pin=J4-B21
Added Pin To Net: NetName=3V3 Pin=L1-1
Added Pin To Net: NetName=3V3 Pin=L2-2
Added Pin To Net: NetName=3V3 Pin=R1-2
Added Pin To Net: NetName=3V3 Pin=R26-2
Added Pin To Net: NetName=3V3 Pin=R27-2
Added Pin To Net: NetName=3V3 Pin=R46-2
Added Pin To Net: NetName=3V3 Pin=SD1-4
Added Pin To Net: NetName=3V3 Pin=U1-11
Added Pin To Net: NetName=3V3 Pin=U1-20
Added Pin To Net: NetName=3V3 Pin=U1-27
Added Pin To Net: NetName=3V3 Pin=U1-50
Added Pin To Net: NetName=3V3 Pin=U1-75
Added Pin To Net: NetName=3V3 Pin=U1-100
Added Pin To Net: NetName=3V3 Pin=U2-1
Added Pin To Net: NetName=3V3 Pin=U2-4
Added Pin To Net: NetName=3V3 Pin=U3-1
Added Pin To Net: NetName=3V3 Pin=U3-4
Added Pin To Net: NetName=3V3 Pin=U6A-3
Added Pin To Net: NetName=3V3 Pin=U6B-3
Added Pin To Net: NetName=3V3 Pin=U6C-3
Added Net: Name=3V3
Added Pin To Net: NetName=5V Pin=C35-2
Added Pin To Net: NetName=5V Pin=C36-2
Added Pin To Net: NetName=5V Pin=C45-2
Added Pin To Net: NetName=5V Pin=D15-K
Added Pin To Net: NetName=5V Pin=J4-B12
Added Pin To Net: NetName=5V Pin=J4-B20
Added Pin To Net: NetName=5V Pin=L3-2
Added Pin To Net: NetName=5V Pin=R29-2
Added Pin To Net: NetName=5V Pin=R30-2
Added Pin To Net: NetName=5V Pin=R47-2
Added Pin To Net: NetName=5V Pin=U11-8
Added Net: Name=5V
Added Pin To Net: NetName=12V Pin=C13-1
Added Pin To Net: NetName=12V Pin=C16-2
Added Pin To Net: NetName=12V Pin=C19-1
Added Pin To Net: NetName=12V Pin=C22-2
Added Pin To Net: NetName=12V Pin=U4-15
Added Pin To Net: NetName=12V Pin=U5-15
Added Net: Name=12V
Added Pin To Net: NetName=AGND Pin=C26A-1
Added Pin To Net: NetName=AGND Pin=C26B-1
Added Pin To Net: NetName=AGND Pin=C26C-1
Added Pin To Net: NetName=AGND Pin=C26D-1
Added Pin To Net: NetName=AGND Pin=C26E-1
Added Pin To Net: NetName=AGND Pin=C26F-1
Added Pin To Net: NetName=AGND Pin=C26G-1
Added Pin To Net: NetName=AGND Pin=C26H-1
Added Pin To Net: NetName=AGND Pin=C26I-1
Added Pin To Net: NetName=AGND Pin=C26J-1
Added Pin To Net: NetName=AGND Pin=C26K-1
Added Pin To Net: NetName=AGND Pin=C26L-1
Added Pin To Net: NetName=AGND Pin=D9A-A
Added Pin To Net: NetName=AGND Pin=D9B-A
Added Pin To Net: NetName=AGND Pin=D9C-A
Added Pin To Net: NetName=AGND Pin=D9D-A
Added Pin To Net: NetName=AGND Pin=D9E-A
Added Pin To Net: NetName=AGND Pin=D9F-A
Added Pin To Net: NetName=AGND Pin=D9G-A
Added Pin To Net: NetName=AGND Pin=D9H-A
Added Pin To Net: NetName=AGND Pin=D9I-A
Added Pin To Net: NetName=AGND Pin=D9J-A
Added Pin To Net: NetName=AGND Pin=D9K-A
Added Pin To Net: NetName=AGND Pin=D9L-A
Added Pin To Net: NetName=AGND Pin=D10A-A
Added Pin To Net: NetName=AGND Pin=D10B-A
Added Pin To Net: NetName=AGND Pin=D10C-A
Added Pin To Net: NetName=AGND Pin=D10D-A
Added Pin To Net: NetName=AGND Pin=D10E-A
Added Pin To Net: NetName=AGND Pin=D10F-A
Added Pin To Net: NetName=AGND Pin=D10G-A
Added Pin To Net: NetName=AGND Pin=D10H-A
Added Pin To Net: NetName=AGND Pin=D10I-A
Added Pin To Net: NetName=AGND Pin=D10J-A
Added Pin To Net: NetName=AGND Pin=D10K-A
Added Pin To Net: NetName=AGND Pin=D10L-A
Added Pin To Net: NetName=AGND Pin=J4-A5
Added Pin To Net: NetName=AGND Pin=J4-A20
Added Pin To Net: NetName=AGND Pin=J4-A21
Added Pin To Net: NetName=AGND Pin=J4-A22
Added Pin To Net: NetName=AGND Pin=L4-2
Added Pin To Net: NetName=AGND Pin=R25A-1
Added Pin To Net: NetName=AGND Pin=R25B-1
Added Pin To Net: NetName=AGND Pin=R25C-1
Added Pin To Net: NetName=AGND Pin=R25D-1
Added Pin To Net: NetName=AGND Pin=R25E-1
Added Pin To Net: NetName=AGND Pin=R25F-1
Added Pin To Net: NetName=AGND Pin=R25G-1
Added Pin To Net: NetName=AGND Pin=R25H-1
Added Pin To Net: NetName=AGND Pin=R25I-1
Added Pin To Net: NetName=AGND Pin=R25J-1
Added Pin To Net: NetName=AGND Pin=R25K-1
Added Pin To Net: NetName=AGND Pin=R25L-1
Added Pin To Net: NetName=AGND Pin=R44-2
Added Pin To Net: NetName=AGND Pin=R45-2
Added Net: Name=AGND
Added Pin To Net: NetName=AIN1 Pin=D10A-K
Added Pin To Net: NetName=AIN1 Pin=J4-A1
Added Pin To Net: NetName=AIN1 Pin=R23A-2
Added Net: Name=AIN1
Added Pin To Net: NetName=AIN2 Pin=D10B-K
Added Pin To Net: NetName=AIN2 Pin=J4-A2
Added Pin To Net: NetName=AIN2 Pin=R23B-2
Added Net: Name=AIN2
Added Pin To Net: NetName=AIN3 Pin=D10C-K
Added Pin To Net: NetName=AIN3 Pin=J4-A3
Added Pin To Net: NetName=AIN3 Pin=R23C-2
Added Net: Name=AIN3
Added Pin To Net: NetName=AIN4 Pin=D10D-K
Added Pin To Net: NetName=AIN4 Pin=J4-A4
Added Pin To Net: NetName=AIN4 Pin=R23D-2
Added Net: Name=AIN4
Added Pin To Net: NetName=AIN5 Pin=D10E-K
Added Pin To Net: NetName=AIN5 Pin=J4-A8
Added Pin To Net: NetName=AIN5 Pin=R23E-2
Added Net: Name=AIN5
Added Pin To Net: NetName=AIN6 Pin=D10F-K
Added Pin To Net: NetName=AIN6 Pin=J4-A9
Added Pin To Net: NetName=AIN6 Pin=R23F-2
Added Net: Name=AIN6
Added Pin To Net: NetName=AIN7 Pin=D10G-K
Added Pin To Net: NetName=AIN7 Pin=J4-A10
Added Pin To Net: NetName=AIN7 Pin=R23G-2
Added Net: Name=AIN7
Added Pin To Net: NetName=AIN8 Pin=D10H-K
Added Pin To Net: NetName=AIN8 Pin=J4-A11
Added Pin To Net: NetName=AIN8 Pin=R23H-2
Added Net: Name=AIN8
Added Pin To Net: NetName=AIN9 Pin=D10I-K
Added Pin To Net: NetName=AIN9 Pin=J4-A14
Added Pin To Net: NetName=AIN9 Pin=R23I-2
Added Net: Name=AIN9
Added Pin To Net: NetName=AIN10 Pin=D10J-K
Added Pin To Net: NetName=AIN10 Pin=J4-A15
Added Pin To Net: NetName=AIN10 Pin=R23J-2
Added Net: Name=AIN10
Added Pin To Net: NetName=AIN11 Pin=D10K-K
Added Pin To Net: NetName=AIN11 Pin=J4-A16
Added Pin To Net: NetName=AIN11 Pin=R23K-2
Added Net: Name=AIN11
Added Pin To Net: NetName=AIN12 Pin=D10L-K
Added Pin To Net: NetName=AIN12 Pin=J4-A17
Added Pin To Net: NetName=AIN12 Pin=R23L-2
Added Net: Name=AIN12
Added Pin To Net: NetName=AOUT1 Pin=C26A-2
Added Pin To Net: NetName=AOUT1 Pin=D9A-K
Added Pin To Net: NetName=AOUT1 Pin=R24A-1
Added Pin To Net: NetName=AOUT1 Pin=U1-22
Added Net: Name=AOUT1
Added Pin To Net: NetName=AOUT2 Pin=C26B-2
Added Pin To Net: NetName=AOUT2 Pin=D9B-K
Added Pin To Net: NetName=AOUT2 Pin=R24B-1
Added Pin To Net: NetName=AOUT2 Pin=U1-23
Added Net: Name=AOUT2
Added Pin To Net: NetName=AOUT3 Pin=C26C-2
Added Pin To Net: NetName=AOUT3 Pin=D9C-K
Added Pin To Net: NetName=AOUT3 Pin=R24C-1
Added Pin To Net: NetName=AOUT3 Pin=U1-24
Added Net: Name=AOUT3
Added Pin To Net: NetName=AOUT4 Pin=C26D-2
Added Pin To Net: NetName=AOUT4 Pin=D9D-K
Added Pin To Net: NetName=AOUT4 Pin=R24D-1
Added Pin To Net: NetName=AOUT4 Pin=U1-25
Added Net: Name=AOUT4
Added Pin To Net: NetName=AOUT5 Pin=C26E-2
Added Pin To Net: NetName=AOUT5 Pin=D9E-K
Added Pin To Net: NetName=AOUT5 Pin=R24E-1
Added Pin To Net: NetName=AOUT5 Pin=U1-28
Added Net: Name=AOUT5
Added Pin To Net: NetName=AOUT6 Pin=C26F-2
Added Pin To Net: NetName=AOUT6 Pin=D9F-K
Added Pin To Net: NetName=AOUT6 Pin=R24F-1
Added Pin To Net: NetName=AOUT6 Pin=U1-29
Added Net: Name=AOUT6
Added Pin To Net: NetName=AOUT7 Pin=C26G-2
Added Pin To Net: NetName=AOUT7 Pin=D9G-K
Added Pin To Net: NetName=AOUT7 Pin=R24G-1
Added Pin To Net: NetName=AOUT7 Pin=U1-30
Added Net: Name=AOUT7
Added Pin To Net: NetName=AOUT8 Pin=C26H-2
Added Pin To Net: NetName=AOUT8 Pin=D9H-K
Added Pin To Net: NetName=AOUT8 Pin=R24H-1
Added Pin To Net: NetName=AOUT8 Pin=U1-31
Added Net: Name=AOUT8
Added Pin To Net: NetName=AOUT9 Pin=C26I-2
Added Pin To Net: NetName=AOUT9 Pin=D9I-K
Added Pin To Net: NetName=AOUT9 Pin=R24I-1
Added Pin To Net: NetName=AOUT9 Pin=U1-34
Added Net: Name=AOUT9
Added Pin To Net: NetName=AOUT10 Pin=C26J-2
Added Pin To Net: NetName=AOUT10 Pin=D9J-K
Added Pin To Net: NetName=AOUT10 Pin=R24J-1
Added Pin To Net: NetName=AOUT10 Pin=U1-35
Added Net: Name=AOUT10
Added Pin To Net: NetName=AOUT11 Pin=C26K-2
Added Pin To Net: NetName=AOUT11 Pin=D9K-K
Added Pin To Net: NetName=AOUT11 Pin=R24K-1
Added Pin To Net: NetName=AOUT11 Pin=U1-15
Added Net: Name=AOUT11
Added Pin To Net: NetName=AOUT12 Pin=C26L-2
Added Pin To Net: NetName=AOUT12 Pin=D9L-K
Added Pin To Net: NetName=AOUT12 Pin=R24L-1
Added Pin To Net: NetName=AOUT12 Pin=U1-16
Added Net: Name=AOUT12
Added Pin To Net: NetName=CAN H 1 Pin=D3A-2
Added Pin To Net: NetName=CAN H 1 Pin=J3A-1
Added Pin To Net: NetName=CAN H 1 Pin=J4-A6
Added Pin To Net: NetName=CAN H 1 Pin=U6A-7
Added Net: Name=CAN H 1
Added Pin To Net: NetName=CAN H 2 Pin=D3B-2
Added Pin To Net: NetName=CAN H 2 Pin=J3B-1
Added Pin To Net: NetName=CAN H 2 Pin=J4-A12
Added Pin To Net: NetName=CAN H 2 Pin=U6B-7
Added Net: Name=CAN H 2
Added Pin To Net: NetName=CAN H 3 Pin=D3C-2
Added Pin To Net: NetName=CAN H 3 Pin=J3C-1
Added Pin To Net: NetName=CAN H 3 Pin=J4-A18
Added Pin To Net: NetName=CAN H 3 Pin=U6C-7
Added Net: Name=CAN H 3
Added Pin To Net: NetName=CAN L 1 Pin=D3A-1
Added Pin To Net: NetName=CAN L 1 Pin=J4-A7
Added Pin To Net: NetName=CAN L 1 Pin=R20A-1
Added Pin To Net: NetName=CAN L 1 Pin=U6A-6
Added Net: Name=CAN L 1
Added Pin To Net: NetName=CAN L 2 Pin=D3B-1
Added Pin To Net: NetName=CAN L 2 Pin=J4-A13
Added Pin To Net: NetName=CAN L 2 Pin=R20B-1
Added Pin To Net: NetName=CAN L 2 Pin=U6B-6
Added Net: Name=CAN L 2
Added Pin To Net: NetName=CAN L 3 Pin=D3C-1
Added Pin To Net: NetName=CAN L 3 Pin=J4-A19
Added Pin To Net: NetName=CAN L 3 Pin=R20C-1
Added Pin To Net: NetName=CAN L 3 Pin=U6C-6
Added Net: Name=CAN L 3
Added Pin To Net: NetName=CAN RX LEDA Pin=DS2A-2
Added Pin To Net: NetName=CAN RX LEDA Pin=R19A-2
Added Net: Name=CAN RX LEDA
Added Pin To Net: NetName=CAN RX LEDB Pin=DS2B-2
Added Pin To Net: NetName=CAN RX LEDB Pin=R19B-2
Added Net: Name=CAN RX LEDB
Added Pin To Net: NetName=CAN RX LEDC Pin=DS2C-2
Added Pin To Net: NetName=CAN RX LEDC Pin=R19C-2
Added Net: Name=CAN RX LEDC
Added Pin To Net: NetName=CAN TERMA Pin=J3A-2
Added Pin To Net: NetName=CAN TERMA Pin=R20A-2
Added Net: Name=CAN TERMA
Added Pin To Net: NetName=CAN TERMB Pin=J3B-2
Added Pin To Net: NetName=CAN TERMB Pin=R20B-2
Added Net: Name=CAN TERMB
Added Pin To Net: NetName=CAN TERMC Pin=J3C-2
Added Pin To Net: NetName=CAN TERMC Pin=R20C-2
Added Net: Name=CAN TERMC
Added Pin To Net: NetName=CAN TX LEDA Pin=DS1A-2
Added Pin To Net: NetName=CAN TX LEDA Pin=R18A-2
Added Net: Name=CAN TX LEDA
Added Pin To Net: NetName=CAN TX LEDB Pin=DS1B-2
Added Pin To Net: NetName=CAN TX LEDB Pin=R18B-2
Added Net: Name=CAN TX LEDB
Added Pin To Net: NetName=CAN TX LEDC Pin=DS1C-2
Added Pin To Net: NetName=CAN TX LEDC Pin=R18C-2
Added Net: Name=CAN TX LEDC
Added Pin To Net: NetName=DIN1 Pin=D19A-K
Added Pin To Net: NetName=DIN1 Pin=J4-B7
Added Pin To Net: NetName=DIN1 Pin=R52A-2
Added Net: Name=DIN1
Added Pin To Net: NetName=DIN2 Pin=D19B-K
Added Pin To Net: NetName=DIN2 Pin=J4-B15
Added Pin To Net: NetName=DIN2 Pin=R52B-2
Added Net: Name=DIN2
Added Pin To Net: NetName=DIN3 Pin=D19C-K
Added Pin To Net: NetName=DIN3 Pin=J4-B23
Added Pin To Net: NetName=DIN3 Pin=R52C-2
Added Net: Name=DIN3
Added Pin To Net: NetName=DIN4 Pin=D19D-K
Added Pin To Net: NetName=DIN4 Pin=J4-B32
Added Pin To Net: NetName=DIN4 Pin=R52D-2
Added Net: Name=DIN4
Added Pin To Net: NetName=DOUT1 Pin=C46A-2
Added Pin To Net: NetName=DOUT1 Pin=D18A-K
Added Pin To Net: NetName=DOUT1 Pin=R53A-1
Added Pin To Net: NetName=DOUT1 Pin=U1-55
Added Net: Name=DOUT1
Added Pin To Net: NetName=DOUT2 Pin=C46B-2
Added Pin To Net: NetName=DOUT2 Pin=D18B-K
Added Pin To Net: NetName=DOUT2 Pin=R53B-1
Added Pin To Net: NetName=DOUT2 Pin=U1-56
Added Net: Name=DOUT2
Added Pin To Net: NetName=DOUT3 Pin=C46C-2
Added Pin To Net: NetName=DOUT3 Pin=D18C-K
Added Pin To Net: NetName=DOUT3 Pin=R53C-1
Added Pin To Net: NetName=DOUT3 Pin=U1-57
Added Net: Name=DOUT3
Added Pin To Net: NetName=DOUT4 Pin=C46D-2
Added Pin To Net: NetName=DOUT4 Pin=D18D-K
Added Pin To Net: NetName=DOUT4 Pin=R53D-1
Added Pin To Net: NetName=DOUT4 Pin=U1-58
Added Net: Name=DOUT4
Added Pin To Net: NetName=GND Pin=C1-1
Added Pin To Net: NetName=GND Pin=C2-1
Added Pin To Net: NetName=GND Pin=C3-1
Added Pin To Net: NetName=GND Pin=C4-1
Added Pin To Net: NetName=GND Pin=C5-1
Added Pin To Net: NetName=GND Pin=C6-1
Added Pin To Net: NetName=GND Pin=C7-1
Added Pin To Net: NetName=GND Pin=C8-1
Added Pin To Net: NetName=GND Pin=C9-1
Added Pin To Net: NetName=GND Pin=C10-1
Added Pin To Net: NetName=GND Pin=C11-1
Added Pin To Net: NetName=GND Pin=C12-1
Added Pin To Net: NetName=GND Pin=C13-2
Added Pin To Net: NetName=GND Pin=C14-1
Added Pin To Net: NetName=GND Pin=C15-1
Added Pin To Net: NetName=GND Pin=C17-1
Added Pin To Net: NetName=GND Pin=C18-1
Added Pin To Net: NetName=GND Pin=C19-2
Added Pin To Net: NetName=GND Pin=C20-1
Added Pin To Net: NetName=GND Pin=C21-1
Added Pin To Net: NetName=GND Pin=C23-1
Added Pin To Net: NetName=GND Pin=C24-1
Added Pin To Net: NetName=GND Pin=C25A-1
Added Pin To Net: NetName=GND Pin=C25B-1
Added Pin To Net: NetName=GND Pin=C25C-1
Added Pin To Net: NetName=GND Pin=C28-1
Added Pin To Net: NetName=GND Pin=C29-1
Added Pin To Net: NetName=GND Pin=C30-1
Added Pin To Net: NetName=GND Pin=C31-1
Added Pin To Net: NetName=GND Pin=C33-1
Added Pin To Net: NetName=GND Pin=C34-1
Added Pin To Net: NetName=GND Pin=C35-1
Added Pin To Net: NetName=GND Pin=C36-1
Added Pin To Net: NetName=GND Pin=C37-1
Added Pin To Net: NetName=GND Pin=C38-1
Added Pin To Net: NetName=GND Pin=C39-1
Added Pin To Net: NetName=GND Pin=C40-1
Added Pin To Net: NetName=GND Pin=C41-2
Added Pin To Net: NetName=GND Pin=C42-1
Added Pin To Net: NetName=GND Pin=C43-1
Added Pin To Net: NetName=GND Pin=C44-1
Added Pin To Net: NetName=GND Pin=C45-1
Added Pin To Net: NetName=GND Pin=C46A-1
Added Pin To Net: NetName=GND Pin=C46B-1
Added Pin To Net: NetName=GND Pin=C46C-1
Added Pin To Net: NetName=GND Pin=C46D-1
Added Pin To Net: NetName=GND Pin=D1-A
Added Pin To Net: NetName=GND Pin=D2-A
Added Pin To Net: NetName=GND Pin=D3A-3
Added Pin To Net: NetName=GND Pin=D3B-3
Added Pin To Net: NetName=GND Pin=D3C-3
Added Pin To Net: NetName=GND Pin=D11-A
Added Pin To Net: NetName=GND Pin=D12-A
Added Pin To Net: NetName=GND Pin=D13-A
Added Pin To Net: NetName=GND Pin=D14-A
Added Pin To Net: NetName=GND Pin=D15-A
Added Pin To Net: NetName=GND Pin=D16-2
Added Pin To Net: NetName=GND Pin=D17-3
Added Pin To Net: NetName=GND Pin=D18A-A
Added Pin To Net: NetName=GND Pin=D18B-A
Added Pin To Net: NetName=GND Pin=D18C-A
Added Pin To Net: NetName=GND Pin=D18D-A
Added Pin To Net: NetName=GND Pin=D19A-A
Added Pin To Net: NetName=GND Pin=D19B-A
Added Pin To Net: NetName=GND Pin=D19C-A
Added Pin To Net: NetName=GND Pin=D19D-A
Added Pin To Net: NetName=GND Pin=DS3-2
Added Pin To Net: NetName=GND Pin=DS4-2
Added Pin To Net: NetName=GND Pin=DS5-2
Added Pin To Net: NetName=GND Pin=DS6-2
Added Pin To Net: NetName=GND Pin=DS7-2
Added Pin To Net: NetName=GND Pin=DS8-2
Added Pin To Net: NetName=GND Pin=DS9-2
Added Pin To Net: NetName=GND Pin=J1-3
Added Pin To Net: NetName=GND Pin=J1-5
Added Pin To Net: NetName=GND Pin=J1-9
Added Pin To Net: NetName=GND Pin=J2-2
Added Pin To Net: NetName=GND Pin=J4-B19
Added Pin To Net: NetName=GND Pin=J4-B27
Added Pin To Net: NetName=GND Pin=J4-B28
Added Pin To Net: NetName=GND Pin=J5-5
Added Pin To Net: NetName=GND Pin=L4-1
Added Pin To Net: NetName=GND Pin=R8-2
Added Pin To Net: NetName=GND Pin=R9-1
Added Pin To Net: NetName=GND Pin=R16-2
Added Pin To Net: NetName=GND Pin=R17-1
Added Pin To Net: NetName=GND Pin=R28-1
Added Pin To Net: NetName=GND Pin=R31-1
Added Pin To Net: NetName=GND Pin=R33-2
Added Pin To Net: NetName=GND Pin=R37-1
Added Pin To Net: NetName=GND Pin=R38-2
Added Pin To Net: NetName=GND Pin=R42-1
Added Pin To Net: NetName=GND Pin=R44-1
Added Pin To Net: NetName=GND Pin=R45-1
Added Pin To Net: NetName=GND Pin=R49-1
Added Pin To Net: NetName=GND Pin=R50-1
Added Pin To Net: NetName=GND Pin=R51-1
Added Pin To Net: NetName=GND Pin=R54A-1
Added Pin To Net: NetName=GND Pin=R54B-1
Added Pin To Net: NetName=GND Pin=R54C-1
Added Pin To Net: NetName=GND Pin=R54D-1
Added Pin To Net: NetName=GND Pin=SD1-6
Added Pin To Net: NetName=GND Pin=SW1-4
Added Pin To Net: NetName=GND Pin=U1-10
Added Pin To Net: NetName=GND Pin=U1-19
Added Pin To Net: NetName=GND Pin=U1-26
Added Pin To Net: NetName=GND Pin=U1-49
Added Pin To Net: NetName=GND Pin=U1-74
Added Pin To Net: NetName=GND Pin=U1-99
Added Pin To Net: NetName=GND Pin=U2-2
Added Pin To Net: NetName=GND Pin=U3-2
Added Pin To Net: NetName=GND Pin=U6A-2
Added Pin To Net: NetName=GND Pin=U6A-8
Added Pin To Net: NetName=GND Pin=U6B-2
Added Pin To Net: NetName=GND Pin=U6B-8
Added Pin To Net: NetName=GND Pin=U6C-2
Added Pin To Net: NetName=GND Pin=U6C-8
Added Pin To Net: NetName=GND Pin=U9-2
Added Pin To Net: NetName=GND Pin=U10-2
Added Pin To Net: NetName=GND Pin=U11-5
Added Net: Name=GND
Added Pin To Net: NetName=HSADC1 Pin=C17-2
Added Pin To Net: NetName=HSADC1 Pin=C18-2
Added Pin To Net: NetName=HSADC1 Pin=R6-1
Added Pin To Net: NetName=HSADC1 Pin=U1-17
Added Net: Name=HSADC1
Added Pin To Net: NetName=HSADC2 Pin=C23-2
Added Pin To Net: NetName=HSADC2 Pin=C24-2
Added Pin To Net: NetName=HSADC2 Pin=R14-1
Added Pin To Net: NetName=HSADC2 Pin=U1-18
Added Net: Name=HSADC2
Added Pin To Net: NetName=HSDIAG1 Pin=R4-1
Added Pin To Net: NetName=HSDIAG1 Pin=U1-41
Added Net: Name=HSDIAG1
Added Pin To Net: NetName=HSDIAG2 Pin=R5-1
Added Pin To Net: NetName=HSDIAG2 Pin=U1-42
Added Net: Name=HSDIAG2
Added Pin To Net: NetName=HSDIAG3 Pin=R12-1
Added Pin To Net: NetName=HSDIAG3 Pin=U1-43
Added Net: Name=HSDIAG3
Added Pin To Net: NetName=HSDIAG4 Pin=R13-1
Added Pin To Net: NetName=HSDIAG4 Pin=U1-44
Added Net: Name=HSDIAG4
Added Pin To Net: NetName=HSEN1 Pin=R2-1
Added Pin To Net: NetName=HSEN1 Pin=U1-36
Added Net: Name=HSEN1
Added Pin To Net: NetName=HSEN2 Pin=R3-1
Added Pin To Net: NetName=HSEN2 Pin=U1-37
Added Net: Name=HSEN2
Added Pin To Net: NetName=HSEN3 Pin=R10-1
Added Pin To Net: NetName=HSEN3 Pin=U1-38
Added Net: Name=HSEN3
Added Pin To Net: NetName=HSEN4 Pin=R11-1
Added Pin To Net: NetName=HSEN4 Pin=U1-39
Added Net: Name=HSEN4
Added Pin To Net: NetName=HSOUT1 Pin=C14-2
Added Pin To Net: NetName=HSOUT1 Pin=J4-B1
Added Pin To Net: NetName=HSOUT1 Pin=U4-13
Added Net: Name=HSOUT1
Added Pin To Net: NetName=HSOUT2 Pin=C15-2
Added Pin To Net: NetName=HSOUT2 Pin=J4-B10
Added Pin To Net: NetName=HSOUT2 Pin=U4-9
Added Net: Name=HSOUT2
Added Pin To Net: NetName=HSOUT3 Pin=C20-2
Added Pin To Net: NetName=HSOUT3 Pin=J4-B18
Added Pin To Net: NetName=HSOUT3 Pin=U5-13
Added Net: Name=HSOUT3
Added Pin To Net: NetName=HSOUT4 Pin=C21-2
Added Pin To Net: NetName=HSOUT4 Pin=J4-B26
Added Pin To Net: NetName=HSOUT4 Pin=U5-9
Added Net: Name=HSOUT4
Added Pin To Net: NetName=LED1 Pin=R39-2
Added Pin To Net: NetName=LED1 Pin=U1-60
Added Net: Name=LED1
Added Pin To Net: NetName=LED2 Pin=R40-2
Added Pin To Net: NetName=LED2 Pin=U1-61
Added Net: Name=LED2
Added Pin To Net: NetName=LED3 Pin=R41-2
Added Pin To Net: NetName=LED3 Pin=U1-62
Added Net: Name=LED3
Added Pin To Net: NetName=LED4 Pin=R43-2
Added Pin To Net: NetName=LED4 Pin=U1-63
Added Net: Name=LED4
Added Pin To Net: NetName=LED R1 Pin=DS6-1
Added Pin To Net: NetName=LED R1 Pin=R39-1
Added Net: Name=LED R1
Added Pin To Net: NetName=LED R2 Pin=DS7-1
Added Pin To Net: NetName=LED R2 Pin=R40-1
Added Net: Name=LED R2
Added Pin To Net: NetName=LED R3 Pin=DS8-1
Added Pin To Net: NetName=LED R3 Pin=R41-1
Added Net: Name=LED R3
Added Pin To Net: NetName=LED R4 Pin=DS9-1
Added Pin To Net: NetName=LED R4 Pin=R43-1
Added Net: Name=LED R4
Added Pin To Net: NetName=NEOPIX Pin=D17-4
Added Pin To Net: NetName=NEOPIX Pin=U1-88
Added Net: Name=NEOPIX
Added Pin To Net: NetName=NetC16_1 Pin=C16-1
Added Pin To Net: NetName=NetC16_1 Pin=R9-2
Added Pin To Net: NetName=NetC16_1 Pin=U4-1
Added Net: Name=NetC16_1
Added Pin To Net: NetName=NetC22_1 Pin=C22-1
Added Pin To Net: NetName=NetC22_1 Pin=R17-2
Added Pin To Net: NetName=NetC22_1 Pin=U5-1
Added Net: Name=NetC22_1
Added Pin To Net: NetName=NetC37_2 Pin=C37-2
Added Pin To Net: NetName=NetC37_2 Pin=J5-6
Added Pin To Net: NetName=NetC37_2 Pin=J5-7
Added Pin To Net: NetName=NetC37_2 Pin=J5-8
Added Pin To Net: NetName=NetC37_2 Pin=J5-9
Added Pin To Net: NetName=NetC37_2 Pin=J5-10
Added Pin To Net: NetName=NetC37_2 Pin=J5-11
Added Pin To Net: NetName=NetC37_2 Pin=R38-1
Added Net: Name=NetC37_2
Added Pin To Net: NetName=NetC41_1 Pin=C41-1
Added Pin To Net: NetName=NetC41_1 Pin=R42-2
Added Pin To Net: NetName=NetC41_1 Pin=SD1-9
Added Pin To Net: NetName=NetC41_1 Pin=SD1-10
Added Pin To Net: NetName=NetC41_1 Pin=SD1-11
Added Pin To Net: NetName=NetC41_1 Pin=SD1-12
Added Net: Name=NetC41_1
Added Pin To Net: NetName=NetD1_K Pin=D1-K
Added Pin To Net: NetName=NetD1_K Pin=R6-2
Added Pin To Net: NetName=NetD1_K Pin=R7-1
Added Net: Name=NetD1_K
Added Pin To Net: NetName=NetD2_K Pin=D2-K
Added Pin To Net: NetName=NetD2_K Pin=R14-2
Added Pin To Net: NetName=NetD2_K Pin=R15-1
Added Net: Name=NetD2_K
Added Pin To Net: NetName=NetDS3_1 Pin=DS3-1
Added Pin To Net: NetName=NetDS3_1 Pin=R27-1
Added Net: Name=NetDS3_1
Added Pin To Net: NetName=NetDS4_1 Pin=DS4-1
Added Pin To Net: NetName=NetDS4_1 Pin=R30-1
Added Net: Name=NetDS4_1
Added Pin To Net: NetName=NetDS5_1 Pin=DS5-1
Added Pin To Net: NetName=NetDS5_1 Pin=R35-1
Added Net: Name=NetDS5_1
Added Pin To Net: NetName=NetJ5_4 Pin=J5-4
Added Pin To Net: NetName=NetJ5_4 Pin=R37-2
Added Net: Name=NetJ5_4
Added Pin To Net: NetName=NetR2_2 Pin=R2-2
Added Pin To Net: NetName=NetR2_2 Pin=U4-2
Added Net: Name=NetR2_2
Added Pin To Net: NetName=NetR3_2 Pin=R3-2
Added Pin To Net: NetName=NetR3_2 Pin=U4-6
Added Net: Name=NetR3_2
Added Pin To Net: NetName=NetR4_2 Pin=R4-2
Added Pin To Net: NetName=NetR4_2 Pin=U4-5
Added Net: Name=NetR4_2
Added Pin To Net: NetName=NetR5_2 Pin=R5-2
Added Pin To Net: NetName=NetR5_2 Pin=U4-3
Added Net: Name=NetR5_2
Added Pin To Net: NetName=NetR7_2 Pin=R7-2
Added Pin To Net: NetName=NetR7_2 Pin=R8-1
Added Pin To Net: NetName=NetR7_2 Pin=U4-4
Added Net: Name=NetR7_2
Added Pin To Net: NetName=NetR10_2 Pin=R10-2
Added Pin To Net: NetName=NetR10_2 Pin=U5-2
Added Net: Name=NetR10_2
Added Pin To Net: NetName=NetR11_2 Pin=R11-2
Added Pin To Net: NetName=NetR11_2 Pin=U5-6
Added Net: Name=NetR11_2
Added Pin To Net: NetName=NetR12_2 Pin=R12-2
Added Pin To Net: NetName=NetR12_2 Pin=U5-5
Added Net: Name=NetR12_2
Added Pin To Net: NetName=NetR13_2 Pin=R13-2
Added Pin To Net: NetName=NetR13_2 Pin=U5-3
Added Net: Name=NetR13_2
Added Pin To Net: NetName=NetR15_2 Pin=R15-2
Added Pin To Net: NetName=NetR15_2 Pin=R16-1
Added Pin To Net: NetName=NetR15_2 Pin=U5-4
Added Net: Name=NetR15_2
Added Pin To Net: NetName=NetR18A_1 Pin=R18A-1
Added Pin To Net: NetName=NetR18A_1 Pin=U1-71
Added Pin To Net: NetName=NetR18A_1 Pin=U6A-1
Added Net: Name=NetR18A_1
Added Pin To Net: NetName=NetR18B_1 Pin=R18B-1
Added Pin To Net: NetName=NetR18B_1 Pin=U1-92
Added Pin To Net: NetName=NetR18B_1 Pin=U6B-1
Added Net: Name=NetR18B_1
Added Pin To Net: NetName=NetR18C_1 Pin=R18C-1
Added Pin To Net: NetName=NetR18C_1 Pin=U1-77
Added Pin To Net: NetName=NetR18C_1 Pin=U6C-1
Added Net: Name=NetR18C_1
Added Pin To Net: NetName=NetR19A_1 Pin=R19A-1
Added Pin To Net: NetName=NetR19A_1 Pin=U1-70
Added Pin To Net: NetName=NetR19A_1 Pin=U6A-4
Added Net: Name=NetR19A_1
Added Pin To Net: NetName=NetR19B_1 Pin=R19B-1
Added Pin To Net: NetName=NetR19B_1 Pin=U1-51
Added Pin To Net: NetName=NetR19B_1 Pin=U6B-4
Added Net: Name=NetR19B_1
Added Pin To Net: NetName=NetR19C_1 Pin=R19C-1
Added Pin To Net: NetName=NetR19C_1 Pin=U1-67
Added Pin To Net: NetName=NetR19C_1 Pin=U6C-4
Added Net: Name=NetR19C_1
Added Pin To Net: NetName=NetR23A_1 Pin=R23A-1
Added Pin To Net: NetName=NetR23A_1 Pin=R24A-2
Added Pin To Net: NetName=NetR23A_1 Pin=R25A-2
Added Net: Name=NetR23A_1
Added Pin To Net: NetName=NetR23B_1 Pin=R23B-1
Added Pin To Net: NetName=NetR23B_1 Pin=R24B-2
Added Pin To Net: NetName=NetR23B_1 Pin=R25B-2
Added Net: Name=NetR23B_1
Added Pin To Net: NetName=NetR23C_1 Pin=R23C-1
Added Pin To Net: NetName=NetR23C_1 Pin=R24C-2
Added Pin To Net: NetName=NetR23C_1 Pin=R25C-2
Added Net: Name=NetR23C_1
Added Pin To Net: NetName=NetR23D_1 Pin=R23D-1
Added Pin To Net: NetName=NetR23D_1 Pin=R24D-2
Added Pin To Net: NetName=NetR23D_1 Pin=R25D-2
Added Net: Name=NetR23D_1
Added Pin To Net: NetName=NetR23E_1 Pin=R23E-1
Added Pin To Net: NetName=NetR23E_1 Pin=R24E-2
Added Pin To Net: NetName=NetR23E_1 Pin=R25E-2
Added Net: Name=NetR23E_1
Added Pin To Net: NetName=NetR23F_1 Pin=R23F-1
Added Pin To Net: NetName=NetR23F_1 Pin=R24F-2
Added Pin To Net: NetName=NetR23F_1 Pin=R25F-2
Added Net: Name=NetR23F_1
Added Pin To Net: NetName=NetR23G_1 Pin=R23G-1
Added Pin To Net: NetName=NetR23G_1 Pin=R24G-2
Added Pin To Net: NetName=NetR23G_1 Pin=R25G-2
Added Net: Name=NetR23G_1
Added Pin To Net: NetName=NetR23H_1 Pin=R23H-1
Added Pin To Net: NetName=NetR23H_1 Pin=R24H-2
Added Pin To Net: NetName=NetR23H_1 Pin=R25H-2
Added Net: Name=NetR23H_1
Added Pin To Net: NetName=NetR23I_1 Pin=R23I-1
Added Pin To Net: NetName=NetR23I_1 Pin=R24I-2
Added Pin To Net: NetName=NetR23I_1 Pin=R25I-2
Added Net: Name=NetR23I_1
Added Pin To Net: NetName=NetR23J_1 Pin=R23J-1
Added Pin To Net: NetName=NetR23J_1 Pin=R24J-2
Added Pin To Net: NetName=NetR23J_1 Pin=R25J-2
Added Net: Name=NetR23J_1
Added Pin To Net: NetName=NetR23K_1 Pin=R23K-1
Added Pin To Net: NetName=NetR23K_1 Pin=R24K-2
Added Pin To Net: NetName=NetR23K_1 Pin=R25K-2
Added Net: Name=NetR23K_1
Added Pin To Net: NetName=NetR23L_1 Pin=R23L-1
Added Pin To Net: NetName=NetR23L_1 Pin=R24L-2
Added Pin To Net: NetName=NetR23L_1 Pin=R25L-2
Added Net: Name=NetR23L_1
Added Pin To Net: NetName=NetR47_1 Pin=R47-1
Added Pin To Net: NetName=NetR47_1 Pin=R50-2
Added Pin To Net: NetName=NetR47_1 Pin=U11-2
Added Net: Name=NetR47_1
Added Pin To Net: NetName=NetR48_1 Pin=R48-1
Added Pin To Net: NetName=NetR48_1 Pin=R51-2
Added Pin To Net: NetName=NetR48_1 Pin=U11-3
Added Net: Name=NetR48_1
Added Pin To Net: NetName=NetR49_2 Pin=R49-2
Added Pin To Net: NetName=NetR49_2 Pin=U11-4
Added Net: Name=NetR49_2
Added Pin To Net: NetName=NetR52A_1 Pin=R52A-1
Added Pin To Net: NetName=NetR52A_1 Pin=R53A-2
Added Pin To Net: NetName=NetR52A_1 Pin=R54A-2
Added Net: Name=NetR52A_1
Added Pin To Net: NetName=NetR52B_1 Pin=R52B-1
Added Pin To Net: NetName=NetR52B_1 Pin=R53B-2
Added Pin To Net: NetName=NetR52B_1 Pin=R54B-2
Added Net: Name=NetR52B_1
Added Pin To Net: NetName=NetR52C_1 Pin=R52C-1
Added Pin To Net: NetName=NetR52C_1 Pin=R53C-2
Added Pin To Net: NetName=NetR52C_1 Pin=R54C-2
Added Net: Name=NetR52C_1
Added Pin To Net: NetName=NetR52D_1 Pin=R52D-1
Added Pin To Net: NetName=NetR52D_1 Pin=R53D-2
Added Pin To Net: NetName=NetR52D_1 Pin=R54D-2
Added Net: Name=NetR52D_1
Added Pin To Net: NetName=NetU1_46 Pin=U1-46
Added Net: Name=NetU1_46
Added Pin To Net: NetName=NetU1_47 Pin=U1-47
Added Net: Name=NetU1_47
Added Pin To Net: NetName=NetU1_68 Pin=U1-68
Added Net: Name=NetU1_68
Added Pin To Net: NetName=NetU1_69 Pin=U1-69
Added Net: Name=NetU1_69
Added Pin To Net: NetName=NetU1_81 Pin=U1-81
Added Net: Name=NetU1_81
Added Pin To Net: NetName=NetU1_82 Pin=U1-82
Added Net: Name=NetU1_82
Added Pin To Net: NetName=NetU1_86 Pin=U1-86
Added Net: Name=NetU1_86
Added Pin To Net: NetName=NetU1_87 Pin=U1-87
Added Net: Name=NetU1_87
Added Pin To Net: NetName=NetU4_8 Pin=U4-8
Added Pin To Net: NetName=NetU4_8 Pin=U4-10
Added Net: Name=NetU4_8
Added Pin To Net: NetName=NetU4_12 Pin=U4-12
Added Pin To Net: NetName=NetU4_12 Pin=U4-14
Added Net: Name=NetU4_12
Added Pin To Net: NetName=NetU5_8 Pin=U5-8
Added Pin To Net: NetName=NetU5_8 Pin=U5-10
Added Net: Name=NetU5_8
Added Pin To Net: NetName=NetU5_12 Pin=U5-12
Added Pin To Net: NetName=NetU5_12 Pin=U5-14
Added Net: Name=NetU5_12
Added Pin To Net: NetName=NRST Pin=C12-2
Added Pin To Net: NetName=NRST Pin=J1-10
Added Pin To Net: NetName=NRST Pin=R1-1
Added Pin To Net: NetName=NRST Pin=SW1-1
Added Pin To Net: NetName=NRST Pin=U1-14
Added Net: Name=NRST
Added Pin To Net: NetName=OSC32 IN Pin=U1-8
Added Pin To Net: NetName=OSC32 IN Pin=U2-3
Added Net: Name=OSC32 IN
Added Pin To Net: NetName=OSC32 OUT Pin=U1-9
Added Net: Name=OSC32 OUT
Added Pin To Net: NetName=OSC IN Pin=U1-12
Added Pin To Net: NetName=OSC IN Pin=U3-3
Added Net: Name=OSC IN
Added Pin To Net: NetName=OSC OUT Pin=U1-13
Added Net: Name=OSC OUT
Added Pin To Net: NetName=PSEL Pin=R46-1
Added Pin To Net: NetName=PSEL Pin=U1-84
Added Pin To Net: NetName=PSEL Pin=U11-1
Added Net: Name=PSEL
Added Pin To Net: NetName=PWR CB 5V Pin=C32-1
Added Pin To Net: NetName=PWR CB 5V Pin=U10-1
Added Net: Name=PWR CB 5V
Added Pin To Net: NetName=PWR CB Pin=C27-1
Added Pin To Net: NetName=PWR CB Pin=U9-1
Added Net: Name=PWR CB
Added Pin To Net: NetName=PWR FB 5V Pin=R29-1
Added Pin To Net: NetName=PWR FB 5V Pin=R31-2
Added Pin To Net: NetName=PWR FB 5V Pin=U10-3
Added Net: Name=PWR FB 5V
Added Pin To Net: NetName=PWR FB Pin=R26-1
Added Pin To Net: NetName=PWR FB Pin=R28-2
Added Pin To Net: NetName=PWR FB Pin=U9-3
Added Net: Name=PWR FB
Added Pin To Net: NetName=PWR SW 5V Pin=C32-2
Added Pin To Net: NetName=PWR SW 5V Pin=D13-K
Added Pin To Net: NetName=PWR SW 5V Pin=L3-1
Added Pin To Net: NetName=PWR SW 5V Pin=U10-6
Added Net: Name=PWR SW 5V
Added Pin To Net: NetName=PWR SW Pin=C27-2
Added Pin To Net: NetName=PWR SW Pin=D11-K
Added Pin To Net: NetName=PWR SW Pin=L2-1
Added Pin To Net: NetName=PWR SW Pin=U9-6
Added Net: Name=PWR SW
Added Pin To Net: NetName=SD CLK Pin=SD1-5
Added Pin To Net: NetName=SD CLK Pin=U1-80
Added Net: Name=SD CLK
Added Pin To Net: NetName=SD CMD Pin=SD1-3
Added Pin To Net: NetName=SD CMD Pin=U1-83
Added Net: Name=SD CMD
Added Pin To Net: NetName=SD DATA0 Pin=SD1-7
Added Pin To Net: NetName=SD DATA0 Pin=U1-65
Added Net: Name=SD DATA0
Added Pin To Net: NetName=SD DATA1 Pin=SD1-8
Added Pin To Net: NetName=SD DATA1 Pin=U1-66
Added Net: Name=SD DATA1
Added Pin To Net: NetName=SD DATA2 Pin=SD1-1
Added Pin To Net: NetName=SD DATA2 Pin=U1-78
Added Net: Name=SD DATA2
Added Pin To Net: NetName=SD DATA3 Pin=SD1-2
Added Pin To Net: NetName=SD DATA3 Pin=U1-79
Added Net: Name=SD DATA3
Added Pin To Net: NetName=SWCLK Pin=J1-4
Added Pin To Net: NetName=SWCLK Pin=U1-76
Added Net: Name=SWCLK
Added Pin To Net: NetName=SWDIO Pin=J1-2
Added Pin To Net: NetName=SWDIO Pin=U1-72
Added Net: Name=SWDIO
Added Pin To Net: NetName=USB_N Pin=R34-1
Added Pin To Net: NetName=USB_N Pin=U1-53
Added Net: Name=USB_N
Added Pin To Net: NetName=USB_P Pin=R36-1
Added Pin To Net: NetName=USB_P Pin=U1-54
Added Net: Name=USB_P
Added Pin To Net: NetName=USB D_N Pin=D16-1
Added Pin To Net: NetName=USB D_N Pin=J5-2
Added Net: Name=USB D_N
Added Pin To Net: NetName=USB D_P Pin=D16-3
Added Pin To Net: NetName=USB D_P Pin=J5-3
Added Net: Name=USB D_P
Added Pin To Net: NetName=USB DET Pin=R32-1
Added Pin To Net: NetName=USB DET Pin=R33-1
Added Pin To Net: NetName=USB DET Pin=U1-52
Added Net: Name=USB DET
Added Pin To Net: NetName=USB ESD D_N Pin=D16-6
Added Pin To Net: NetName=USB ESD D_N Pin=R34-2
Added Net: Name=USB ESD D_N
Added Pin To Net: NetName=USB ESD D_P Pin=D16-4
Added Pin To Net: NetName=USB ESD D_P Pin=R36-2
Added Net: Name=USB ESD D_P
Added Pin To Net: NetName=VBAT Pin=J2-1
Added Pin To Net: NetName=VBAT Pin=J2-1
Added Pin To Net: NetName=VBAT Pin=U1-6
Added Net: Name=VBAT
Added Pin To Net: NetName=VBUS Pin=C28-2
Added Pin To Net: NetName=VBUS Pin=C29-2
Added Pin To Net: NetName=VBUS Pin=U9-4
Added Pin To Net: NetName=VBUS Pin=U9-5
Added Pin To Net: NetName=VBUS Pin=U11-7
Added Net: Name=VBUS
Added Pin To Net: NetName=VCAP1 Pin=C10-2
Added Pin To Net: NetName=VCAP1 Pin=U1-48
Added Net: Name=VCAP1
Added Pin To Net: NetName=VCAP2 Pin=C11-2
Added Pin To Net: NetName=VCAP2 Pin=U1-73
Added Net: Name=VCAP2
Added Pin To Net: NetName=VCC Pin=C33-2
Added Pin To Net: NetName=VCC Pin=C34-2
Added Pin To Net: NetName=VCC Pin=D14-K
Added Pin To Net: NetName=VCC Pin=J4-B2
Added Pin To Net: NetName=VCC Pin=J4-B3
Added Pin To Net: NetName=VCC Pin=J4-B11
Added Pin To Net: NetName=VCC Pin=U10-4
Added Pin To Net: NetName=VCC Pin=U10-5
Added Net: Name=VCC
Added Pin To Net: NetName=VDDA Pin=C9-2
Added Pin To Net: NetName=VDDA Pin=L1-2
Added Pin To Net: NetName=VDDA Pin=U1-21
Added Net: Name=VDDA
Added Pin To Net: NetName=VUSB Pin=C43-2
Added Pin To Net: NetName=VUSB Pin=C44-2
Added Pin To Net: NetName=VUSB Pin=D16-5
Added Pin To Net: NetName=VUSB Pin=J5-1
Added Pin To Net: NetName=VUSB Pin=R32-2
Added Pin To Net: NetName=VUSB Pin=R35-2
Added Pin To Net: NetName=VUSB Pin=R48-2
Added Pin To Net: NetName=VUSB Pin=U11-6
Added Net: Name=VUSB
Added Class: Name=3V3 Supply
Added Class: Name=5V Supply
Added Class: Name=Analog In1
Added Class: Name=Analog In2
Added Class: Name=Analog In3
Added Class: Name=Analog In4
Added Class: Name=Analog In5
Added Class: Name=Analog In6
Added Class: Name=Analog In7
Added Class: Name=Analog In8
Added Class: Name=Analog In9
Added Class: Name=Analog In10
Added Class: Name=Analog In11
Added Class: Name=Analog In12
Added Class: Name=CANBUS 1
Added Class: Name=CANBUS 2
Added Class: Name=CANBUS 3
Added Class: Name=Connector
Added Class: Name=Digital In1
Added Class: Name=Digital In2
Added Class: Name=Digital In3
Added Class: Name=Digital In4
Added Class: Name=High Side Outputs
Added Class: Name=Micocontroller Peripherals
Added Class: Name=Microcontroller
Added Class: Name=Power Selection
Added Class: Name=Power
Added Class: Name=Serial Communications
Added Class: Name=AIN[1..12]
Added Class: Name=AOUT[1..12]
Added Class: Name=DIN[1..4]
Added Class: Name=DOUT[1..4]
Added Class: Name=HSADC[1..2]
Added Class: Name=HSDIAG[1..4]
Added Class: Name=HSEN[1..4]
Added Class: Name=HSOUT[1..4]
Added Class: Name=LED[1..4]
Added Differential Pair: Name=USB D
Added Differential Pair: Name=USB ESD D
Added Differential Pair: Name=USB
Added Class: Name=CC-S03-V00-CANBUS
Added Class: Name=CC-S06-V00-DigitalIn
Added Class: Name=CC-S07-V00-AnalogueIn
Added Room: Name=3V3 Supply
Added Room: Name=5V Supply
Added Room: Name=Analog In1
Added Room: Name=Analog In2
Added Room: Name=Analog In3
Added Room: Name=Analog In4
Added Room: Name=Analog In5
Added Room: Name=Analog In6
Added Room: Name=Analog In7
Added Room: Name=Analog In8
Added Room: Name=Analog In9
Added Room: Name=Analog In10
Added Room: Name=Analog In11
Added Room: Name=Analog In12
Added Room: Name=CANBUS 1
Added Room: Name=CANBUS 2
Added Room: Name=CANBUS 3
Added Room: Name=Connector
Added Room: Name=Digital In1
Added Room: Name=Digital In2
Added Room: Name=Digital In3
Added Room: Name=Digital In4
Added Room: Name=High Side Outputs
Added Room: Name=Micocontroller Peripherals
Added Room: Name=Microcontroller
Added Room: Name=Power
Added Room: Name=Power Selection
Added Room: Name=Serial Communications
