Added Pin To Net: NetName=GND Pin=D17-2
Added Pin To Net: NetName=VBUS Pin=D17-5
Added Pin To Net: NetName=NRST Pin=SW1-2
Added Pin To Net: NetName=GND Pin=SW1-3
Added Pin To Net: NetName=HSOUT2 Pin=U4-8
Added Pin To Net: NetName=HSOUT2 Pin=U4-10
Added Pin To Net: NetName=HSOUT1 Pin=U4-12
Added Pin To Net: NetName=HSOUT1 Pin=U4-14
Added Pin To Net: NetName=HSOUT4 Pin=U5-8
Added Pin To Net: NetName=HSOUT4 Pin=U5-10
Added Pin To Net: NetName=HSOUT3 Pin=U5-12
Added Pin To Net: NetName=HSOUT3 Pin=U5-14
Change Net Name : Old Net Name=NetC16_1 New Net Name=HSGND1
Change Net Name : Old Net Name=NetC22_1 New Net Name=HSGND2
Change Net Name : Old Net Name=NetC47_1 New Net Name=RS232 C1-
Change Net Name : Old Net Name=NetC47_2 New Net Name=RS232 C1+
Change Net Name : Old Net Name=NetC48_1 New Net Name=RS232 C2-
Change Net Name : Old Net Name=NetC48_2 New Net Name=RS232 C2+
Change Net Name : Old Net Name=NetC49_2 New Net Name=RS232 V+
Change Net Name : Old Net Name=NetC50_2 New Net Name=RS232 V-
Change Net Name : Old Net Name=NetD1_K New Net Name=HSADC1 B
Change Net Name : Old Net Name=NetD2_K New Net Name=HSADC2 B
Change Net Name : Old Net Name=NetD17_1 New Net Name=UART4 R TX
Change Net Name : Old Net Name=NetD17_3 New Net Name=UART4 R RX
Change Net Name : Old Net Name=NetDS3_1 New Net Name=LED 3V3
Change Net Name : Old Net Name=NetDS4_1 New Net Name=LED 5V
Change Net Name : Old Net Name=NetDS5_1 New Net Name=VUSB LED
Change Net Name : Old Net Name=NetJ6_1 New Net Name=RS485 TERM A
Change Net Name : Old Net Name=NetJ9_2 New Net Name=RS485 TERM B
Change Net Name : Old Net Name=NetR2_2 New Net Name=HSEN1R
Change Net Name : Old Net Name=NetR3_2 New Net Name=HSEN2R
Change Net Name : Old Net Name=NetR4_2 New Net Name=HSDIAG1R
Change Net Name : Old Net Name=NetR5_2 New Net Name=HSDIAG2R
Change Net Name : Old Net Name=NetR7_2 New Net Name=HSADC1 A
Change Net Name : Old Net Name=NetR10_2 New Net Name=HSEN3R
Change Net Name : Old Net Name=NetR11_2 New Net Name=HSEN4R
Change Net Name : Old Net Name=NetR12_2 New Net Name=HSDIAG3R
Change Net Name : Old Net Name=NetR13_2 New Net Name=HSDIAG4R
Change Net Name : Old Net Name=NetR15_2 New Net Name=HSADC2 A
Change Net Name : Old Net Name=NetR18A_1 New Net Name=CAN1 TX
Change Net Name : Old Net Name=NetR18B_1 New Net Name=CAN2 TX
Change Net Name : Old Net Name=NetR18C_1 New Net Name=CAN3 TX
Change Net Name : Old Net Name=NetR19A_1 New Net Name=CAN1 RX
Change Net Name : Old Net Name=NetR19B_1 New Net Name=CAN2 RX
Change Net Name : Old Net Name=NetR19C_1 New Net Name=CAN3 RX
Change Net Name : Old Net Name=NetR23A_1 New Net Name=ADIVIDEA
Change Net Name : Old Net Name=NetR23B_1 New Net Name=ADIVIDEB
Change Net Name : Old Net Name=NetR23C_1 New Net Name=ADIVIDEC
Change Net Name : Old Net Name=NetR23D_1 New Net Name=ADIVIDED
Change Net Name : Old Net Name=NetR23E_1 New Net Name=ADIVIDEE
Change Net Name : Old Net Name=NetR23F_1 New Net Name=ADIVIDEF
Change Net Name : Old Net Name=NetR23G_1 New Net Name=ADIVIDEG
Change Net Name : Old Net Name=NetR23H_1 New Net Name=ADIVIDEH
Change Net Name : Old Net Name=NetR23I_1 New Net Name=ADIVIDEI
Change Net Name : Old Net Name=NetR23J_1 New Net Name=ADIVIDEJ
Change Net Name : Old Net Name=NetR23K_1 New Net Name=ADIVIDEK
Change Net Name : Old Net Name=NetR23L_1 New Net Name=ADIVIDEL
Change Net Name : Old Net Name=NetR47_1 New Net Name=PSEL D0
Change Net Name : Old Net Name=NetR48_1 New Net Name=PSEL D1
Change Net Name : Old Net Name=NetR49_2 New Net Name=PSEL LIM
Change Net Name : Old Net Name=NetR52A_1 New Net Name=DDIVIDEA
Change Net Name : Old Net Name=NetR52B_1 New Net Name=DDIVIDEB
Change Net Name : Old Net Name=NetR52C_1 New Net Name=DDIVIDEC
Change Net Name : Old Net Name=NetR52D_1 New Net Name=DDIVIDED
Added Pin To Net: NetName=BOOT0 Pin=U1-94
Added Net: Name=BOOT0
Added Pin To Net: NetName=CAN LBKA Pin=U6A-5
Added Net: Name=CAN LBKA
Added Pin To Net: NetName=CAN LBKB Pin=U6B-5
Added Net: Name=CAN LBKB
Added Pin To Net: NetName=CAN LBKC Pin=U6C-5
Added Net: Name=CAN LBKC
Added Pin To Net: NetName=CON B5 Pin=J4-B5
Added Net: Name=CON B5
Added Pin To Net: NetName=CON B6 Pin=J4-B6
Added Net: Name=CON B6
Added Pin To Net: NetName=CON B13 Pin=J4-B13
Added Net: Name=CON B13
Added Pin To Net: NetName=CON B14 Pin=J4-B14
Added Net: Name=CON B14
Added Pin To Net: NetName=CON B22 Pin=J4-B22
Added Net: Name=CON B22
Added Pin To Net: NetName=CON B29 Pin=J4-B29
Added Net: Name=CON B29
Added Pin To Net: NetName=CON B30 Pin=J4-B30
Added Net: Name=CON B30
Added Pin To Net: NetName=CON B31 Pin=J4-B31
Added Net: Name=CON B31
Added Pin To Net: NetName=JTAG A Pin=J1-6
Added Net: Name=JTAG A
Added Pin To Net: NetName=JTAG B Pin=J1-8
Added Net: Name=JTAG B
Added Pin To Net: NetName=JTAG C Pin=J1-7
Added Net: Name=JTAG C
Added Room: Name=3V3 Supply
Added Room: Name=5V Supply
Added Room: Name=Connector
Added Room: Name=High Side Outputs
Added Room: Name=Micocontroller Peripherals
Added Room: Name=Microcontroller
Added Room: Name=Power
Added Room: Name=Power Selection
Added Room: Name=Serial Communications
