Change Component Designator: Old Designator=C31 New Designator=C?
Change Component Designator: Old Designator=C32 New Designator=C?
Change Component Designator: Old Designator=C33 New Designator=C?
Change Component Designator: Old Designator=C34 New Designator=C?
Change Component Designator: Old Designator=C35 New Designator=C?
Change Component Designator: Old Designator=C44 New Designator=C?
Change Component Designator: Old Designator=D11 New Designator=D?
Change Component Designator: Old Designator=D16 New Designator=D?
Change Component Designator: Old Designator=DS4 New Designator=DS?
Change Component Designator: Old Designator=DS5 New Designator=DS?
Change Component Designator: Old Designator=DS6 New Designator=DS?
Change Component Designator: Old Designator=DS7 New Designator=DS?
Change Component Designator: Old Designator=DS8 New Designator=DS?
Change Component Designator: Old Designator=J5 New Designator=J?
Change Component Designator: Old Designator=M1 New Designator=M?
Change Component Designator: Old Designator=R25 New Designator=R?
Change Component Designator: Old Designator=R26 New Designator=R?
Change Component Designator: Old Designator=R27 New Designator=R?
Change Component Designator: Old Designator=R28 New Designator=R?
Change Component Designator: Old Designator=R29 New Designator=R?
Change Component Designator: Old Designator=R30 New Designator=R?
Change Component Designator: Old Designator=R31 New Designator=R?
Change Component Designator: Old Designator=R36 New Designator=R?
Change Component Designator: Old Designator=R45 New Designator=R?
Change Component Designator: Old Designator=R46 New Designator=R?
Change Component Designator: Old Designator=R47 New Designator=R?
Change Component Designator: Old Designator=R48 New Designator=R?
Change Component Designator: Old Designator=SD1 New Designator=SD?
